[2015.09.03-03.27.27:530][  0]Log file open, 09/03/15 13:27:27
[2015.09.03-03.27.27:530][  0]LogInit:Display: Running engine for game: Curro_Prototype
[2015.09.03-03.27.27:530][  0]LogInit:Display: RandInit(561981432) SRandInit(561981433).
[2015.09.03-03.27.27:530][  0]LogTaskGraph: Started task graph with 4 named threads and 7 total threads.
[2015.09.03-03.27.27:530][  0]LogStats: Stats thread started at 0.088742
[2015.09.03-03.27.27:530][  0]LogInit: Version: 4.9.0-2672455+++depot+UE4-Releases+4.9
[2015.09.03-03.27.27:530][  0]LogInit: API Version: 2672455
[2015.09.03-03.27.27:530][  0]LogInit: Compiled (64-bit): Aug 28 2015 12:33:01
[2015.09.03-03.27.27:530][  0]LogInit: Compiled with Visual C++: 18.00.21005.01
[2015.09.03-03.27.27:530][  0]LogInit: Build Configuration: Development
[2015.09.03-03.27.27:530][  0]LogInit: Branch Name: ++depot+UE4-Releases+4.9
[2015.09.03-03.27.27:530][  0]LogInit: Command line:  
[2015.09.03-03.27.27:530][  0]LogInit: Base directory: C:/Users/jackson.luff/Desktop/4.9/4.9/Engine/Binaries/Win64/
[2015.09.03-03.27.27:530][  0]LogInit: Rocket: 1
[2015.09.03-03.27.27:555][  0]LogInit: Using libcurl 7.41.0
[2015.09.03-03.27.27:555][  0]LogInit:  - built for x86_64-pc-win32
[2015.09.03-03.27.27:555][  0]LogInit:  - supports SSL with WinSSL
[2015.09.03-03.27.27:555][  0]LogInit:  - other features:
[2015.09.03-03.27.27:555][  0]LogInit:      CURL_VERSION_SSL
[2015.09.03-03.27.27:555][  0]LogInit:      CURL_VERSION_IPV6
[2015.09.03-03.27.27:555][  0]LogInit:      CURL_VERSION_ASYNCHDNS
[2015.09.03-03.27.27:555][  0]LogInit:      CURL_VERSION_LARGEFILE
[2015.09.03-03.27.27:555][  0]LogInit:      CURL_VERSION_IDN
[2015.09.03-03.27.27:555][  0]LogInit:  CurlRequestOptions (configurable via config and command line):
[2015.09.03-03.27.27:555][  0]LogInit:  - bVerifyPeer = true  - Libcurl will verify peer certificate
[2015.09.03-03.27.27:555][  0]LogInit:  - bUseHttpProxy = false  - Libcurl will NOT use HTTP proxy
[2015.09.03-03.27.27:555][  0]LogInit:  - bDontReuseConnections = false  - Libcurl will reuse connections
[2015.09.03-03.27.27:555][  0]LogInit:  - CertBundlePath = nullptr  - Libcurl will use whatever was configured at build time.
[2015.09.03-03.27.27:584][  0]LogInit: Presizing for 0 objects not considered by GC, pre-allocating 0 bytes.
[2015.09.03-03.27.27:592][  0]LogInit: Object subsystem initialized
[2015.09.03-03.27.27:593][  0]LogInit: Selected Device Profile: [Windows]
[2015.09.03-03.27.27:593][  0]LogInit: Applying CVar settings loaded from the selected device profile: [Windows]
[2015.09.03-03.27.27:607][  0]LogInit: Computer: AIE-WHITE-16
[2015.09.03-03.27.27:607][  0]LogInit: User: jacksonluff
[2015.09.03-03.27.27:607][  0]LogInit: CPU Page size=4096, Cores=4
[2015.09.03-03.27.27:607][  0]LogInit: High frequency timer resolution =3.410273 MHz
[2015.09.03-03.27.27:607][  0]LogMemory: Memory total: Physical=15.9GB (16GB approx)
[2015.09.03-03.27.27:607][  0]LogMemory: Platform Memory Stats for Windows
[2015.09.03-03.27.27:607][  0]LogMemory: Process Physical Memory: 54.52 MB used, 54.52 MB peak
[2015.09.03-03.27.27:607][  0]LogMemory: Process Virtual Memory: 59.30 MB used, 59.30 MB peak
[2015.09.03-03.27.27:607][  0]LogMemory: Physical Memory: 5774.89 MB used, 16299.57 MB total
[2015.09.03-03.27.27:607][  0]LogMemory: Virtual Memory: 339.26 MB used, 8388608.00 MB total
[2015.09.03-03.27.27:965][  0]LogTextLocalizationManager: No specific translations for ('en-AU') exist, so ('en') translations will be used.
[2015.09.03-03.27.28:930][  0]LogD3D11RHI: Found D3D11 adapter 0: NVIDIA GeForce GTX 560  (Feature Level 11_0)
[2015.09.03-03.27.28:930][  0]LogD3D11RHI: Adapter has 977MB of dedicated video memory, 0MB of dedicated system memory, and 3071MB of shared system memory, 2 output[s]
[2015.09.03-03.27.28:930][  0]LogD3D11RHI: Chosen D3D11 Adapter Id = 0
[2015.09.03-03.27.28:934][  0]LogD3D11RHI: !Direct3DDevice
[2015.09.03-03.27.28:934][  0]LogRHI: Texture pool is 684 MB (70% of 977 MB)
[2015.09.03-03.27.28:940][  0]LogD3D11RHI: Async texture creation enabled
[2015.09.03-03.27.28:949][  0]LogShaderCompilers: Guid format shader working directory is 15 characters bigger than the processId version (../../../../../../Documents/Unreal Projects/Curro_Prototype/Intermediate/Shaders/WorkingDirectory/5832/).
[2015.09.03-03.27.28:949][  0]LogShaderCompilers: Cleaned the shader compiler working directory '../../../../../../Documents/Unreal Projects/Curro_Prototype/Intermediate/Shaders/tmp/F71E130D42A450E314D222BDD13719B0/'.
[2015.09.03-03.27.28:949][  0]LogShaderCompilers:Display: Using Local Shader Compiler.
[2015.09.03-03.27.30:656][  0]LogTemp:Display: Loaded TP AllDesktopTargetPlatform
[2015.09.03-03.27.30:661][  0]LogTemp:Display: Loaded TP WindowsClientTargetPlatform
[2015.09.03-03.27.30:666][  0]LogTemp:Display: Loaded TP WindowsNoEditorTargetPlatform
[2015.09.03-03.27.30:671][  0]LogTemp:Display: Loaded TP WindowsServerTargetPlatform
[2015.09.03-03.27.30:677][  0]LogTemp:Display: Loaded TP WindowsTargetPlatform
[2015.09.03-03.27.30:683][  0]LogTemp:Display: Loaded TP AndroidTargetPlatform
[2015.09.03-03.27.30:686][  0]LogTemp:Display: Loaded TP Android_ASTCTargetPlatform
[2015.09.03-03.27.30:689][  0]LogTemp:Display: Loaded TP Android_ATCTargetPlatform
[2015.09.03-03.27.30:692][  0]LogTemp:Display: Loaded TP Android_DXTTargetPlatform
[2015.09.03-03.27.30:696][  0]LogTemp:Display: Loaded TP Android_ETC1TargetPlatform
[2015.09.03-03.27.30:699][  0]LogTemp:Display: Loaded TP Android_ETC2TargetPlatform
[2015.09.03-03.27.30:703][  0]LogTemp:Display: Loaded TP Android_PVRTCTargetPlatform
[2015.09.03-03.27.30:703][  0]LogTemp:Display: Loaded TP HTML5TargetPlatform
[2015.09.03-03.27.30:741][  0]LogTemp:Display: Loaded TP IOSTargetPlatform
[2015.09.03-03.27.30:744][  0]LogTemp:Display: Loaded TP LinuxNoEditorTargetPlatform
[2015.09.03-03.27.30:747][  0]LogTemp:Display: Loaded TP LinuxServerTargetPlatform
[2015.09.03-03.27.30:752][  0]LogTemp:Display: Loaded TP LinuxTargetPlatform
[2015.09.03-03.27.30:752][  0]LogTargetPlatformManager:Display: Building Assets For Windows
[2015.09.03-03.27.31:027][  0]LogDerivedDataCache:Display: Max Cache Size: 512 MB
[2015.09.03-03.27.31:077][  0]LogDerivedDataCache: Loaded boot cache 0.05s 41MB C:/Users/jackson.luff/AppData/Local/UnrealEngine/4.9/DerivedDataCache/Boot.ddc.
[2015.09.03-03.27.31:078][  0]LogDerivedDataCache:Display: Loaded Boot cache: C:/Users/jackson.luff/AppData/Local/UnrealEngine/4.9/DerivedDataCache/Boot.ddc
[2015.09.03-03.27.31:078][  0]LogDerivedDataCache: FDerivedDataBackendGraph:  Pak pak cache file ../../../../../../Documents/Unreal Projects/Curro_Prototype/DerivedDataCache/DDC.ddp not found, will not use a pak cache.
[2015.09.03-03.27.31:078][  0]LogDerivedDataCache: Unable to find inner node Pak for hierarchical cache Hierarchy.
[2015.09.03-03.27.31:078][  0]LogDerivedDataCache: FDerivedDataBackendGraph:  CompressedPak pak cache file ../../../../../../Documents/Unreal Projects/Curro_Prototype/DerivedDataCache/Compressed.ddp not found, will not use a pak cache.
[2015.09.03-03.27.31:078][  0]LogDerivedDataCache: Unable to find inner node CompressedPak for hierarchical cache Hierarchy.
[2015.09.03-03.27.31:238][  0]LogDerivedDataCache:Display: Pak cache opened for reading ../../../Engine/DerivedDataCache/Compressed.ddp.
[2015.09.03-03.27.31:249][  0]LogDerivedDataCache: Using Local data cache path C:/Users/jackson.luff/AppData/Local/UnrealEngine/Common/DerivedDataCache: Writable
[2015.09.03-03.27.33:736][  0]LogInit: Selected Device Profile: [Windows]
[2015.09.03-03.27.33:736][  0]LogContentStreaming: Texture pool size is 0.000000MB
[2015.09.03-03.27.33:765][  0]LogMeshUtilities: No automatic mesh reduction module available
[2015.09.03-03.27.33:765][  0]LogMeshUtilities: No automatic mesh merging module available
[2015.09.03-03.27.34:169][  0]LogInit: WinSock: version 1.1 (2.2), MaxSocks=32767, MaxUdp=65467
[2015.09.03-03.27.35:201][  0]UdpMessaging: Initializing bridge on interface 0.0.0.0:0 to multicast group 230.0.0.1:6666.
[2015.09.03-03.27.35:298][  0]LogAssetRegistry: FAssetRegistry took 0.0096 seconds to start up
[2015.09.03-03.27.35:476][  0]SourceControl: Info Source control is disabled
[2015.09.03-03.27.35:488][  0]SourceControl: Info Source control is disabled
[2015.09.03-03.27.35:498][  0]SourceControl: Info Source control is disabled
[2015.09.03-03.27.35:506][  0]SourceControl: Info Source control is disabled
[2015.09.03-03.27.35:648][  0]LogLinker:Warning: Asset '../../../Engine/Plugins/Runtime/LeapMotionController/Content/LM_PassthroughMaterial.uasset' has been saved with empty engine version. The asset will be loaded but may be incompatible.
[2015.09.03-03.27.35:732][  0]LogObj: 28361 objects as part of root set at end of initial load.
[2015.09.03-03.27.35:732][  0]LogUObjectAllocator: 6038872 out of 0 bytes used by permanent object pool.
[2015.09.03-03.27.35:795][  0]LogEngine: Initializing Engine...
[2015.09.03-03.27.35:797][  0]LogHMD: Can't find Oculus library dev build: is proper Runtime installed? Version: 0.6.0.0
[2015.09.03-03.27.35:810][  0]LogHMD: SteamVR failed to initialize.  Err: 110
[2015.09.03-03.27.35:941][  0]LogAIModule: Creating AISystem for world NewWorld
[2015.09.03-03.27.35:947][  0]LogInit: XAudio2 using 'Speakers (Realtek High Definition Audio)' : 2 channels at 48 kHz using 32 bits per sample (channel mask 0x3)
[2015.09.03-03.27.35:957][  0]LogInit: FAudioDevice initialized.
[2015.09.03-03.27.35:978][  0]LogDerivedDataCache: Saved boot cache 0.02s 41MB C:/Users/jackson.luff/AppData/Local/UnrealEngine/4.9/DerivedDataCache/Boot.ddc.
[2015.09.03-03.27.35:985][  0]LogInit: Texture streaming: Enabled
[2015.09.03-03.27.35:990][  0]LogAnalytics: Creating configured Analytics provider AnalyticsET
[2015.09.03-03.27.35:990][  0]LogAnalytics: [UEEditor.Rocket.Release] APIServer = http://et2.epicgames.com/ET2/. AppVersion = 4.9.0-2672455+++depot+UE4-Releases+4.9
[2015.09.03-03.27.35:990][  0]LogAnalytics: [UEEditor.Rocket.Release] SetUserId 7a2e3fec4719bf4a83d8dea097d66990|7cf267475aab4bafb7b336aedadbdf03|8149adf9-8169-4970-bdb0-ce5ce0a1e92c
[2015.09.03-03.27.35:990][  0]LogAnalytics: [UEEditor.Rocket.Release] AnalyticsET::StartSession
[2015.09.03-03.27.36:005][  0]LogInit: Transaction tracking system initialized
[2015.09.03-03.27.36:034][  0]BlueprintLog: New page: Editor Load
[2015.09.03-03.27.36:113][  0]LocalizationService: Info Localization service is disabled
[2015.09.03-03.27.36:188][  0]LogConsoleResponse:Display: 
[2015.09.03-03.27.36:315][  0]LogCook:Display: Done creating registry. It took  0.00s.
[2015.09.03-03.27.36:365][  0]LogFileCache: Scanning file cache for directory 'C:/Users/jackson.luff/Documents/Unreal Projects/Curro_Prototype/Content/' took 0.01s
[2015.09.03-03.27.36:365][  0]SourceControl: Info Source control is disabled
[2015.09.03-03.27.36:365][  0]Cmd: MAP LOAD FILE="../../../Engine/Content/Maps/Templates/Template_Default.umap" TEMPLATE=1 SHOWPROGRESS=1 FEATURELEVEL=3
[2015.09.03-03.27.36:368][  0]LightingResults: New page: Lighting Build
[2015.09.03-03.27.36:371][  0]MapCheck: New page: Map Check
[2015.09.03-03.27.36:371][  0]LightingResults: New page: Lighting Build
[2015.09.03-03.27.36:382][  0]LogParticles: Destroying 0 GPU particle simulations for FXSystem 0x0000000020316160
[2015.09.03-03.27.36:670][  0]LogAIModule: Creating AISystem for world Untitled_1
[2015.09.03-03.27.36:676][  0]LogEditorServer: Finished looking for orphan Actors (0.000 secs)
[2015.09.03-03.27.36:680][  0]Cmd: MAP CHECKDEP NOCLEARLOG
[2015.09.03-03.27.36:722][  0]MapCheck: Info Map check complete: 0 Error(s), 0 Warning(s), took 41.408ms to complete.
[2015.09.03-03.27.36:722][  0]LogFileHelpers: Loading map 'Template_Default' took 0.356
[2015.09.03-03.27.36:839][  0]LogCollectionManager: Loaded 0 collections in 0.001643 seconds
[2015.09.03-03.27.36:876][  0]LogFileCache: Scanning file cache for directory 'C:/Users/jackson.luff/Documents/Unreal Projects/Curro_Prototype/Saved/Collections/' took 0.01s
[2015.09.03-03.27.36:876][  0]LogFileCache: Scanning file cache for directory 'C:/Users/jackson.luff/Documents/Unreal Projects/Curro_Prototype/Content/Developers/jacksonluff/Collections/' took 0.01s
[2015.09.03-03.27.36:876][  0]LogFileCache: Scanning file cache for directory 'C:/Users/jackson.luff/Documents/Unreal Projects/Curro_Prototype/Content/Collections/' took 0.01s
[2015.09.03-03.27.36:876][  0]LogContentBrowser: Native class hierarchy populated in 0.0070 seconds. Added 1867 classes and 333 folders.
[2015.09.03-03.27.36:882][  0]LogCollectionManager: Rebuilt the GUID cache for 0 collections in 0.000002 seconds
[2015.09.03-03.27.36:888][  0]LogContentBrowser: Native class hierarchy updated for 'WidgetCarousel' in 0.0003 seconds. Added 0 classes and 0 folders.
[2015.09.03-03.27.37:076][  0]LogContentBrowser: Native class hierarchy updated for 'AddContentDialog' in 0.0003 seconds. Added 0 classes and 0 folders.
[2015.09.03-03.27.37:079][  0]LogContentBrowser: Native class hierarchy updated for 'SceneOutliner' in 0.0003 seconds. Added 1 classes and 2 folders.
[2015.09.03-03.27.37:137][  0]LogCrashTracker: Crashtracker disabled due to settings.
[2015.09.03-03.27.37:140][  0]LogUObjectGlobals:Warning: Failed to find object 'Class None.'
[2015.09.03-03.27.37:161][  0]LogLoad: Full Startup: 10.62 seconds (BP compile: 0.07 seconds)
[2015.09.03-03.27.37:572][  0]LogContentStreaming: Texture pool size now 1000 MB
[2015.09.03-03.27.37:711][  0]LogRenderer: Reallocating scene render targets to support 1056x556 (Frame:2).
[2015.09.03-03.27.38:501][  3]LogAssetRegistry: Asset discovery search completed in 3.2132 seconds
[2015.09.03-03.27.38:501][  3]LogCollectionManager: Rebuilt the object cache for 0 collections in 0.000001 seconds (found 0 objects)
[2015.09.03-03.27.38:501][  3]LogCollectionManager: Fixed up redirectors for 0 collections in 0.000020 seconds (updated 0 objects)
[2015.09.03-03.27.41:804][175]LogAIModule: Creating AISystem for world Mother_Map
[2015.09.03-03.27.41:833][175]Cmd: MAP LOAD FILE="../../../../../../Documents/Unreal Projects/Curro_Prototype/Content/Mother_Map.umap" TEMPLATE=0 SHOWPROGRESS=1 FEATURELEVEL=3
[2015.09.03-03.27.41:833][175]LightingResults: New page: Lighting Build
[2015.09.03-03.27.41:849][175]LoadErrors: New page: Loading map: Mother_Map.umap
[2015.09.03-03.27.41:849][175]MapCheck: New page: Map Check
[2015.09.03-03.27.41:849][175]LightingResults: New page: Lighting Build
[2015.09.03-03.27.41:859][175]LogParticles: Destroying 0 GPU particle simulations for FXSystem 0x00000000102EF240
[2015.09.03-03.27.41:903][175]LogEditorServer: Finished looking for orphan Actors (0.000 secs)
[2015.09.03-03.27.41:934][175]Cmd: MAP CHECKDEP NOCLEARLOG
[2015.09.03-03.27.41:976][175]MapCheck: Info Map check complete: 0 Error(s), 0 Warning(s), took 42.445ms to complete.
[2015.09.03-03.27.41:976][175]LogFileHelpers: Loading map 'Mother_Map' took 0.145
[2015.09.03-03.27.44:394][354]LogEditorViewport: Clicking on Actor (LMB): StaticMeshActor (Floor)
[2015.09.03-03.27.48:728][622]LogAIModule: Creating AISystem for world Default_Map
[2015.09.03-03.27.48:736][622]LogActorComponent: UnregisterComponent: (/Engine/Transient.CharMoveComp) Not registered. Aborting.
[2015.09.03-03.27.48:748][622]Cmd: MAP LOAD FILE="../../../../../../Documents/Unreal Projects/Curro_Prototype/Content/Maps/;Default/Default_Map.umap" TEMPLATE=0 SHOWPROGRESS=1 FEATURELEVEL=3
[2015.09.03-03.27.48:748][622]LightingResults: New page: Lighting Build
[2015.09.03-03.27.48:762][622]LoadErrors: New page: Loading map: Default_Map.umap
[2015.09.03-03.27.48:763][622]MapCheck: New page: Map Check
[2015.09.03-03.27.48:763][622]LightingResults: New page: Lighting Build
[2015.09.03-03.27.48:775][622]LogParticles: Destroying 0 GPU particle simulations for FXSystem 0x00000000104ECFE0
[2015.09.03-03.27.48:820][622]LogEditorServer: Finished looking for orphan Actors (0.000 secs)
[2015.09.03-03.27.48:852][622]Cmd: MAP CHECKDEP NOCLEARLOG
[2015.09.03-03.27.48:896][622]MapCheck: Info Map check complete: 0 Error(s), 0 Warning(s), took 44.201ms to complete.
[2015.09.03-03.27.48:896][622]LogFileHelpers: Loading map 'Default_Map' took 0.149
[2015.09.03-03.27.51:025][804]LogSlate:Warning: Prevented a slow task dialog from being summoned while a context menu was open
[2015.09.03-03.27.51:035][804]LogPackageName:Error: DoesPackageExist: DoesPackageExist FAILED: '/Game/Maps/' is not a standard unreal filename or a long path name. Reason: Path may not end with a '/'
[2015.09.03-03.27.51:036][804]LogLinker:Warning: Can't find file '/Game/Maps/'
[2015.09.03-03.27.51:036][804]LogPackageName:Error: DoesPackageExist: DoesPackageExist FAILED: '/Game/Maps/' is not a standard unreal filename or a long path name. Reason: Path may not end with a '/'
[2015.09.03-03.27.51:036][804]LogLinker: Can't find file '/Game/Maps/'
[2015.09.03-03.27.51:045][805]Cmd: UpdateLandscapeSetup
[2015.09.03-03.27.52:073][888]LogEditorViewport: Clicking on Actor (LMB): StaticMeshActor (Floor)
[2015.09.03-03.27.56:358][222]LogActorComponent: UnregisterComponent: (/Engine/Transient.CharMoveComp) Not registered. Aborting.
[2015.09.03-03.27.56:525][222]LogSavePackage: Save=69.426994ms
[2015.09.03-03.27.56:525][222]LogSavePackage: Moving '../../../../../../Documents/Unreal Projects/Curro_Prototype/Saved/Default_Map525D007B4310B98E550192BEB76C3B0C.tmp' to '../../../../../../Documents/Unreal Projects/Curro_Prototype/Content/Maps/;Default/Default_Map.umap'
[2015.09.03-03.27.56:528][222]LogSavePackage: Total save time: 81.605785ms
[2015.09.03-03.27.56:528][222]LogSavePackage:Warning: Finished SavePackage ../../../../../../Documents/Unreal Projects/Curro_Prototype/Content/Maps/;Default/Default_Map.umap
[2015.09.03-03.27.56:557][222]LogFileHelpers: Saving map 'Default_Map' took 0.169
[2015.09.03-03.27.57:285][273]Cmd: MAP LOAD FILE="../../../../../../Documents/Unreal Projects/Curro_Prototype/Content/Maps/;Default/Default_Map.umap" TEMPLATE=0 SHOWPROGRESS=1 FEATURELEVEL=3
[2015.09.03-03.27.57:285][273]LightingResults: New page: Lighting Build
[2015.09.03-03.27.57:300][273]LoadErrors: New page: Loading map: Default_Map.umap
[2015.09.03-03.27.57:301][273]MapCheck: New page: Map Check
[2015.09.03-03.27.57:301][273]LightingResults: New page: Lighting Build
[2015.09.03-03.27.57:310][273]LogParticles: Destroying 0 GPU particle simulations for FXSystem 0x00000000104EE7A0
[2015.09.03-03.27.57:331][273]LogAIModule: Creating AISystem for world Default_Map
[2015.09.03-03.27.57:374][273]LogEditorServer: Finished looking for orphan Actors (0.000 secs)
[2015.09.03-03.27.57:407][273]Cmd: MAP CHECKDEP NOCLEARLOG
[2015.09.03-03.27.57:451][273]MapCheck: Info Map check complete: 0 Error(s), 0 Warning(s), took 43.998ms to complete.
[2015.09.03-03.27.57:452][273]LogFileHelpers: Loading map 'Default_Map' took 0.168
[2015.09.03-03.28.02:130][610]LogSlate:Warning: Prevented a slow task dialog from being summoned while a context menu was open
[2015.09.03-03.28.02:645][662]LogPackageName:Error: DoesPackageExist: DoesPackageExist FAILED: '/Game/Maps/' is not a standard unreal filename or a long path name. Reason: Path may not end with a '/'
[2015.09.03-03.28.02:645][662]LogLinker:Warning: Can't find file '/Game/Maps/'
[2015.09.03-03.28.02:646][662]LogPackageName:Error: DoesPackageExist: DoesPackageExist FAILED: '/Game/Maps/' is not a standard unreal filename or a long path name. Reason: Path may not end with a '/'
[2015.09.03-03.28.02:646][662]LogLinker: Can't find file '/Game/Maps/'
[2015.09.03-03.28.02:666][663]Cmd: UpdateLandscapeSetup
[2015.09.03-03.28.07:240][ 43]LogSlate:Warning: Prevented a slow task dialog from being summoned while a context menu was open
[2015.09.03-03.28.07:256][ 44]Cmd: UpdateLandscapeSetup
[2015.09.03-03.28.08:079][102]LogSlate:Warning: Prevented a slow task dialog from being summoned while a context menu was open
[2015.09.03-03.28.09:559][269]LogPackageName:Error: DoesPackageExist: DoesPackageExist FAILED: '/Game/Maps/' is not a standard unreal filename or a long path name. Reason: Path may not end with a '/'
[2015.09.03-03.28.09:559][269]LogLinker: Can't find file '/Game/Maps/'
[2015.09.03-03.28.09:568][270]Cmd: UpdateLandscapeSetup
[2015.09.03-03.28.11:562][450]LogSlate:Warning: Prevented a slow task dialog from being summoned while a context menu was open
[2015.09.03-03.28.11:580][451]Cmd: UpdateLandscapeSetup
[2015.09.03-03.28.12:421][510]LogSlate:Warning: Prevented a slow task dialog from being summoned while a context menu was open
[2015.09.03-03.28.14:376][720]LogSlate:Warning: Prevented a slow task dialog from being summoned while a context menu was open
[2015.09.03-03.28.14:395][721]Cmd: UpdateLandscapeSetup
[2015.09.03-03.28.14:957][756]LogSlate:Warning: Prevented a slow task dialog from being summoned while a context menu was open
[2015.09.03-03.28.18:285][ 85]LogSlate:Warning: Prevented a slow task dialog from being summoned while a context menu was open
[2015.09.03-03.28.18:311][ 86]Cmd: UpdateLandscapeSetup
[2015.09.03-03.28.19:440][166]LogSlate:Warning: Prevented a slow task dialog from being summoned while a context menu was open
[2015.09.03-03.28.20:501][270]LogSlate:Warning: Prevented a slow task dialog from being summoned while a context menu was open
[2015.09.03-03.28.20:519][271]Cmd: UpdateLandscapeSetup
[2015.09.03-03.28.21:690][354]LogSlate:Warning: Prevented a slow task dialog from being summoned while a context menu was open
[2015.09.03-03.28.23:116][489]LogSlate:Warning: Prevented a slow task dialog from being summoned while a context menu was open
[2015.09.03-03.28.23:201][490]Cmd: UpdateLandscapeSetup
[2015.09.03-03.28.24:346][564]LogSlate:Warning: Prevented a slow task dialog from being summoned while a context menu was open
[2015.09.03-03.28.25:231][658]LogPackageName:Error: DoesPackageExist: DoesPackageExist FAILED: '/Game/Maps/' is not a standard unreal filename or a long path name. Reason: Path may not end with a '/'
[2015.09.03-03.28.25:231][658]LogLinker: Can't find file '/Game/Maps/'
[2015.09.03-03.28.25:240][659]Cmd: UpdateLandscapeSetup
[2015.09.03-03.28.26:936][816]LogPackageName:Error: DoesPackageExist: DoesPackageExist FAILED: '/Game/Maps/' is not a standard unreal filename or a long path name. Reason: Path may not end with a '/'
[2015.09.03-03.28.26:936][816]LogLinker: Can't find file '/Game/Maps/'
[2015.09.03-03.28.26:944][817]Cmd: UpdateLandscapeSetup
[2015.09.03-03.28.28:151][920]Cmd: UpdateLandscapeSetup
[2015.09.03-03.28.29:538][ 45]LogPackageName:Error: DoesPackageExist: DoesPackageExist FAILED: '/Game/Maps/' is not a standard unreal filename or a long path name. Reason: Path may not end with a '/'
[2015.09.03-03.28.29:538][ 45]LogLinker: Can't find file '/Game/Maps/'
[2015.09.03-03.28.29:547][ 46]Cmd: UpdateLandscapeSetup
[2015.09.03-03.28.32:760][254]LogActorComponent: UnregisterComponent: (/Engine/Transient.CharMoveComp) Not registered. Aborting.
[2015.09.03-03.28.38:636][628]LogActorComponent: UnregisterComponent: (/Engine/Transient.CharMoveComp) Not registered. Aborting.
[2015.09.03-03.28.38:647][628]LogMetaData: Removing '/Game/Maps/;Default/Al_GameMode.Al_GameMode_C' ref from Metadata '/Game/Maps/Artists/Alex/Al_GameMode.PackageMetaData'
[2015.09.03-03.28.38:647][628]LogMetaData: Removing '/Game/Maps/;Default/Al_GameMode.SKEL_Al_GameMode_C' ref from Metadata '/Game/Maps/Artists/Alex/Al_GameMode.PackageMetaData'
[2015.09.03-03.28.38:661][628]Cmd: OBJ SAVEPACKAGE PACKAGE="/Game/Maps/;Default/Al_GameMode" FILE="../../../../../../Documents/Unreal Projects/Curro_Prototype/Content/Maps/;Default/Al_GameMode.uasset" SILENT=true
[2015.09.03-03.28.38:673][628]LogSavePackage: Save=10.103004ms
[2015.09.03-03.28.38:673][628]LogSavePackage: Moving '../../../../../../Documents/Unreal Projects/Curro_Prototype/Saved/Al_GameMode5BD7A80B45115B2BEDB2F9AF2DF64C99.tmp' to '../../../../../../Documents/Unreal Projects/Curro_Prototype/Content/Maps/;Default/Al_GameMode.uasset'
[2015.09.03-03.28.38:675][628]LogSavePackage: Total save time: 11.764456ms
[2015.09.03-03.28.38:675][628]LogSavePackage:Warning: Finished SavePackage ../../../../../../Documents/Unreal Projects/Curro_Prototype/Content/Maps/;Default/Al_GameMode.uasset
[2015.09.03-03.28.38:681][628]Cmd: OBJ SAVEPACKAGE PACKAGE="/Game/Maps/Artists/Alex/Al_GameMode" FILE="../../../../../../Documents/Unreal Projects/Curro_Prototype/Content/Maps/Artists/Alex/Al_GameMode.uasset" SILENT=true
[2015.09.03-03.28.38:692][628]LogSavePackage: Save=6.358435ms
[2015.09.03-03.28.38:692][628]LogSavePackage: Moving '../../../../../../Documents/Unreal Projects/Curro_Prototype/Saved/Al_GameModeDC3917094CF56F4C6BF31AA58EAF2A26.tmp' to '../../../../../../Documents/Unreal Projects/Curro_Prototype/Content/Maps/Artists/Alex/Al_GameMode.uasset'
[2015.09.03-03.28.38:694][628]LogSavePackage: Total save time: 11.529282ms
[2015.09.03-03.28.38:694][628]LogSavePackage:Warning: Finished SavePackage ../../../../../../Documents/Unreal Projects/Curro_Prototype/Content/Maps/Artists/Alex/Al_GameMode.uasset
[2015.09.03-03.28.45:041][ 62]LogAIModule: Creating AISystem for world Al_Map
[2015.09.03-03.28.45:048][ 62]LogActorComponent: UnregisterComponent: (/Engine/Transient.CharMoveComp) Not registered. Aborting.
[2015.09.03-03.28.46:334][ 62]LogSavePackage: Save=64.145012ms
[2015.09.03-03.28.46:334][ 62]LogSavePackage: Moving '../../../../../../Documents/Unreal Projects/Curro_Prototype/Saved/Default_MapE6ABB51348CC7705AB649D9CCF13F54E.tmp' to '../../../../../../Documents/Unreal Projects/Curro_Prototype/Content/Maps/;Default/Default_Map.umap'
[2015.09.03-03.28.46:343][ 62]LogSavePackage: Total save time: 74.625406ms
[2015.09.03-03.28.46:343][ 62]LogSavePackage:Warning: Finished SavePackage ../../../../../../Documents/Unreal Projects/Curro_Prototype/Content/Maps/;Default/Default_Map.umap
[2015.09.03-03.28.46:371][ 62]LogFileHelpers: Saving map 'Default_Map' took 0.161
[2015.09.03-03.28.46:374][ 62]Cmd: OBJ SAVEPACKAGE PACKAGE="/Game/Maps/Artists/Alex/Al_GameMode_2" FILE="../../../../../../Documents/Unreal Projects/Curro_Prototype/Content/Maps/Artists/Alex/Al_GameMode_2.uasset" SILENT=true
[2015.09.03-03.28.46:385][ 62]LogSavePackage: Save=9.996560ms
[2015.09.03-03.28.46:385][ 62]LogSavePackage: Moving '../../../../../../Documents/Unreal Projects/Curro_Prototype/Saved/Al_GameMode_2D3F551E64C3E0BD2CCD4E2BC4024A6EF.tmp' to '../../../../../../Documents/Unreal Projects/Curro_Prototype/Content/Maps/Artists/Alex/Al_GameMode_2.uasset'
[2015.09.03-03.28.46:386][ 62]LogSavePackage: Total save time: 11.612855ms
[2015.09.03-03.28.46:387][ 62]LogSavePackage:Warning: Finished SavePackage ../../../../../../Documents/Unreal Projects/Curro_Prototype/Content/Maps/Artists/Alex/Al_GameMode_2.uasset
[2015.09.03-03.28.46:388][ 62]Cmd: MAP LOAD FILE="../../../../../../Documents/Unreal Projects/Curro_Prototype/Content/Maps/Artists/Alex/Al_Map.umap" TEMPLATE=0 SHOWPROGRESS=1 FEATURELEVEL=3
[2015.09.03-03.28.46:388][ 62]LightingResults: New page: Lighting Build
[2015.09.03-03.28.46:403][ 62]LoadErrors: New page: Loading map: Al_Map.umap
[2015.09.03-03.28.46:404][ 62]MapCheck: New page: Map Check
[2015.09.03-03.28.46:404][ 62]LightingResults: New page: Lighting Build
[2015.09.03-03.28.46:414][ 62]LogParticles: Destroying 0 GPU particle simulations for FXSystem 0x0000000016112840
[2015.09.03-03.28.46:464][ 62]LogEditorServer: Finished looking for orphan Actors (0.000 secs)
[2015.09.03-03.28.46:495][ 62]Cmd: MAP CHECKDEP NOCLEARLOG
[2015.09.03-03.28.46:540][ 62]MapCheck: Info Map check complete: 0 Error(s), 0 Warning(s), took 45.264ms to complete.
[2015.09.03-03.28.46:540][ 62]LogFileHelpers: Loading map 'Al_Map' took 0.154
[2015.09.03-03.28.48:009][157]LogSlate:Warning: Prevented a slow task dialog from being summoned while a context menu was open
[2015.09.03-03.28.50:894][491]Cmd: UpdateLandscapeSetup
[2015.09.03-03.28.58:136][ 60]LogActorComponent: UnregisterComponent: (/Engine/Transient.CharMoveComp) Not registered. Aborting.
[2015.09.03-03.28.58:147][ 60]LogMetaData: Removing '/Game/Maps/;Default/Default_GameMode.Default_GameMode_C' ref from Metadata '/Game/Maps/;Default/Al_GameMode.PackageMetaData'
[2015.09.03-03.28.58:147][ 60]LogMetaData: Removing '/Game/Maps/;Default/Default_GameMode.SKEL_Default_GameMode_C' ref from Metadata '/Game/Maps/;Default/Al_GameMode.PackageMetaData'
[2015.09.03-03.28.58:230][ 60]Cmd: OBJ SAVEPACKAGE PACKAGE="/Game/Maps/;Default/Default_GameMode" FILE="../../../../../../Documents/Unreal Projects/Curro_Prototype/Content/Maps/;Default/Default_GameMode.uasset" SILENT=true
[2015.09.03-03.28.58:247][ 60]LogSavePackage: Save=14.045796ms
[2015.09.03-03.28.58:247][ 60]LogSavePackage: Moving '../../../../../../Documents/Unreal Projects/Curro_Prototype/Saved/Default_GameMode64A54E74439A31E6D3B3C2AED80B6DA2.tmp' to '../../../../../../Documents/Unreal Projects/Curro_Prototype/Content/Maps/;Default/Default_GameMode.uasset'
[2015.09.03-03.28.58:249][ 60]LogSavePackage: Total save time: 16.676378ms
[2015.09.03-03.28.58:249][ 60]LogSavePackage:Warning: Finished SavePackage ../../../../../../Documents/Unreal Projects/Curro_Prototype/Content/Maps/;Default/Default_GameMode.uasset
[2015.09.03-03.28.58:711][ 60]Cmd: OBJ SAVEPACKAGE PACKAGE="/Game/Maps/Artists/Alex/Al_GameMode" FILE="../../../../../../Documents/Unreal Projects/Curro_Prototype/Content/Maps/Artists/Alex/Al_GameMode.uasset" SILENT=true
[2015.09.03-03.28.58:721][ 60]LogSavePackage: Save=8.057420ms
[2015.09.03-03.28.58:721][ 60]LogSavePackage: Moving '../../../../../../Documents/Unreal Projects/Curro_Prototype/Saved/Al_GameMode3431ECA94A548E12775D0F899F9A9F3C.tmp' to '../../../../../../Documents/Unreal Projects/Curro_Prototype/Content/Maps/Artists/Alex/Al_GameMode.uasset'
[2015.09.03-03.28.58:723][ 60]LogSavePackage: Total save time: 9.961080ms
[2015.09.03-03.28.58:723][ 60]LogSavePackage:Warning: Finished SavePackage ../../../../../../Documents/Unreal Projects/Curro_Prototype/Content/Maps/Artists/Alex/Al_GameMode.uasset
[2015.09.03-03.29.00:150][157]LogAIModule: Creating AISystem for world Default_Map
[2015.09.03-03.29.00:171][157]LogActorComponent: UnregisterComponent: (/Engine/Transient.CharMoveComp) Not registered. Aborting.
[2015.09.03-03.29.01:527][157]LogSavePackage: Save=65.663368ms
[2015.09.03-03.29.01:527][157]LogSavePackage: Moving '../../../../../../Documents/Unreal Projects/Curro_Prototype/Saved/Al_MapC5367AEA42E9CBA3F1F1FEA18FFA4633.tmp' to '../../../../../../Documents/Unreal Projects/Curro_Prototype/Content/Maps/Artists/Alex/Al_Map.umap'
[2015.09.03-03.29.01:530][157]LogSavePackage: Total save time: 84.249854ms
[2015.09.03-03.29.01:530][157]LogSavePackage:Warning: Finished SavePackage ../../../../../../Documents/Unreal Projects/Curro_Prototype/Content/Maps/Artists/Alex/Al_Map.umap
[2015.09.03-03.29.01:559][157]LogFileHelpers: Saving map 'Al_Map' took 0.190
[2015.09.03-03.29.01:560][157]Cmd: MAP LOAD FILE="../../../../../../Documents/Unreal Projects/Curro_Prototype/Content/Maps/;Default/Default_Map.umap" TEMPLATE=0 SHOWPROGRESS=1 FEATURELEVEL=3
[2015.09.03-03.29.01:560][157]LightingResults: New page: Lighting Build
[2015.09.03-03.29.01:576][157]LoadErrors: New page: Loading map: Default_Map.umap
[2015.09.03-03.29.01:577][157]MapCheck: New page: Map Check
[2015.09.03-03.29.01:577][157]LightingResults: New page: Lighting Build
[2015.09.03-03.29.01:587][157]LogParticles: Destroying 0 GPU particle simulations for FXSystem 0x00000000161113A0
[2015.09.03-03.29.01:633][157]LogEditorServer: Finished looking for orphan Actors (0.000 secs)
[2015.09.03-03.29.01:668][157]Cmd: MAP CHECKDEP NOCLEARLOG
[2015.09.03-03.29.01:713][157]MapCheck: Info Map check complete: 0 Error(s), 0 Warning(s), took 44.07ms to complete.
[2015.09.03-03.29.01:713][157]LogFileHelpers: Loading map 'Default_Map' took 0.154
[2015.09.03-03.29.02:634][224]LogSlate:Warning: Prevented a slow task dialog from being summoned while a context menu was open
[2015.09.03-03.29.04:546][439]LogPackageName:Error: DoesPackageExist: DoesPackageExist FAILED: '/Game/Maps/' is not a standard unreal filename or a long path name. Reason: Path may not end with a '/'
[2015.09.03-03.29.04:547][439]LogLinker:Warning: Can't find file '/Game/Maps/'
[2015.09.03-03.29.04:547][439]LogPackageName:Error: DoesPackageExist: DoesPackageExist FAILED: '/Game/Maps/' is not a standard unreal filename or a long path name. Reason: Path may not end with a '/'
[2015.09.03-03.29.04:547][439]LogLinker: Can't find file '/Game/Maps/'
[2015.09.03-03.29.04:557][440]Cmd: UpdateLandscapeSetup
[2015.09.03-03.29.12:102][ 65]LogActorComponent: UnregisterComponent: (/Engine/Transient.CharMoveComp) Not registered. Aborting.
[2015.09.03-03.29.13:440][ 65]LightingResults: New page: Lighting Build
[2015.09.03-03.29.13:440][ 65]MapCheck: New page: Map Check
[2015.09.03-03.29.13:440][ 65]LightingResults: New page: Lighting Build
[2015.09.03-03.29.13:451][ 65]LogParticles: Destroying 0 GPU particle simulations for FXSystem 0x00000000247F85E0
[2015.09.03-03.29.13:453][ 65]LogAIModule: Creating AISystem for world NewWorld
[2015.09.03-03.29.13:487][ 65]LoadErrors: New page: New Map
[2015.09.03-03.29.13:511][ 65]LogAIModule: Creating AISystem for world Default_Map
[2015.09.03-03.29.13:645][ 65]LogObjectTools:Warning: ForceReplaceReferences replaced references for a transient object 'REINST_SKEL_Default_GameMode_C_79' or package '/Engine/Transient'.
[2015.09.03-03.29.13:645][ 65]LogObjectTools:Warning: ForceReplaceReferences replaced references for a transient object 'REINST_Default_GameMode_C_78' or package '/Engine/Transient'.
[2015.09.03-03.29.13:646][ 65]LogObjectTools:Warning: ForceReplaceReferences replaced references for a transient object 'DEADCLASS_Default_GameMode_C_1' or package '/Engine/Transient'.
[2015.09.03-03.29.13:646][ 65]LogObjectTools:Warning: ForceReplaceReferences replaced references for a transient object 'DEADCLASS_Default_GameMode_C_0' or package '/Engine/Transient'.
[2015.09.03-03.29.13:647][ 65]LogActorComponent: RegisterComponentWithWorld: (/Game/Maps/;Default/Default_Map.Default_Map:PersistentLevel.DefaultCharacter_102.StaticMeshComponent_44) Specifying a world, but an Owner Actor found, and InWorld is not GetOwner()->GetWorld()
[2015.09.03-03.29.13:647][ 65]LogActorComponent: RegisterComponentWithWorld: (/Game/Maps/;Default/Default_Map.Default_Map:PersistentLevel.DefaultCharacter_102.DrawFrustumComponent_38) Specifying a world, but an Owner Actor found, and InWorld is not GetOwner()->GetWorld()
[2015.09.03-03.29.30:569][290]LogActorComponent: UnregisterComponent: (/Engine/Transient.CharMoveComp) Not registered. Aborting.
[2015.09.03-03.29.30:580][290]LogMetaData: Removing '/Game/Maps/Artists/Alex/Al_GameMode.SKEL_Al_GameMode_C' ref from Metadata '/Game/Maps/Artists/Alex/Al_GameMode_2.PackageMetaData'
[2015.09.03-03.29.30:580][290]LogMetaData: Removing '/Game/Maps/Artists/Alex/Al_GameMode.Al_GameMode_C' ref from Metadata '/Game/Maps/Artists/Alex/Al_GameMode_2.PackageMetaData'
[2015.09.03-03.29.30:592][290]Cmd: OBJ SAVEPACKAGE PACKAGE="/Game/Maps/Artists/Alex/Al_GameMode" FILE="../../../../../../Documents/Unreal Projects/Curro_Prototype/Content/Maps/Artists/Alex/Al_GameMode.uasset" SILENT=true
[2015.09.03-03.29.30:603][290]LogSavePackage: Save=8.996054ms
[2015.09.03-03.29.30:603][290]LogSavePackage: Moving '../../../../../../Documents/Unreal Projects/Curro_Prototype/Saved/Al_GameMode156D82FA4160E45BEAB3E6A4365976BD.tmp' to '../../../../../../Documents/Unreal Projects/Curro_Prototype/Content/Maps/Artists/Alex/Al_GameMode.uasset'
[2015.09.03-03.29.30:604][290]LogSavePackage: Total save time: 10.647826ms
[2015.09.03-03.29.30:604][290]LogSavePackage:Warning: Finished SavePackage ../../../../../../Documents/Unreal Projects/Curro_Prototype/Content/Maps/Artists/Alex/Al_GameMode.uasset
[2015.09.03-03.29.30:610][290]Cmd: OBJ SAVEPACKAGE PACKAGE="/Game/Maps/Artists/Alex/Al_GameMode_2" FILE="../../../../../../Documents/Unreal Projects/Curro_Prototype/Content/Maps/Artists/Alex/Al_GameMode_2.uasset" SILENT=true
[2015.09.03-03.29.30:623][290]LogSavePackage: Save=6.551088ms
[2015.09.03-03.29.30:623][290]LogSavePackage: Moving '../../../../../../Documents/Unreal Projects/Curro_Prototype/Saved/Al_GameMode_22F149CBB4E1CD5B524458BBFB9E3B384.tmp' to '../../../../../../Documents/Unreal Projects/Curro_Prototype/Content/Maps/Artists/Alex/Al_GameMode_2.uasset'
[2015.09.03-03.29.30:625][290]LogSavePackage: Total save time: 11.611387ms
[2015.09.03-03.29.30:625][290]LogSavePackage:Warning: Finished SavePackage ../../../../../../Documents/Unreal Projects/Curro_Prototype/Content/Maps/Artists/Alex/Al_GameMode_2.uasset
[2015.09.03-03.29.32:412][449]LogAIModule: Creating AISystem for world Al_Map
[2015.09.03-03.29.32:422][449]LogActorComponent: UnregisterComponent: (/Engine/Transient.CharMoveComp) Not registered. Aborting.
[2015.09.03-03.29.32:435][449]Cmd: MAP LOAD FILE="../../../../../../Documents/Unreal Projects/Curro_Prototype/Content/Maps/Artists/Alex/Al_Map.umap" TEMPLATE=0 SHOWPROGRESS=1 FEATURELEVEL=3
[2015.09.03-03.29.32:435][449]LightingResults: New page: Lighting Build
[2015.09.03-03.29.32:450][449]LoadErrors: New page: Loading map: Al_Map.umap
[2015.09.03-03.29.32:450][449]MapCheck: New page: Map Check
[2015.09.03-03.29.32:450][449]LightingResults: New page: Lighting Build
[2015.09.03-03.29.32:462][449]LogParticles: Destroying 0 GPU particle simulations for FXSystem 0x000000002B815EE0
[2015.09.03-03.29.32:506][449]LogEditorServer: Finished looking for orphan Actors (0.000 secs)
[2015.09.03-03.29.32:538][449]Cmd: MAP CHECKDEP NOCLEARLOG
[2015.09.03-03.29.32:584][449]MapCheck: Info Map check complete: 0 Error(s), 0 Warning(s), took 45.707ms to complete.
[2015.09.03-03.29.32:584][449]LogFileHelpers: Loading map 'Al_Map' took 0.150
[2015.09.03-03.29.33:760][529]LogSlate:Warning: Prevented a slow task dialog from being summoned while a context menu was open
[2015.09.03-03.29.35:011][668]Cmd: UpdateLandscapeSetup
[2015.09.03-03.29.36:161][750]LogActorComponent: UnregisterComponent: (/Engine/Transient.CharMoveComp) Not registered. Aborting.
[2015.09.03-03.29.36:239][750]LogSavePackage: Save=67.463806ms
[2015.09.03-03.29.36:239][750]LogSavePackage: Moving '../../../../../../Documents/Unreal Projects/Curro_Prototype/Saved/Al_MapE26209DC447A1D83E0691F8B4B2D4F79.tmp' to '../../../../../../Documents/Unreal Projects/Curro_Prototype/Content/Maps/Artists/Alex/Al_Map.umap'
[2015.09.03-03.29.36:243][750]LogSavePackage: Total save time: 71.976349ms
[2015.09.03-03.29.36:243][750]LogSavePackage:Warning: Finished SavePackage ../../../../../../Documents/Unreal Projects/Curro_Prototype/Content/Maps/Artists/Alex/Al_Map.umap
[2015.09.03-03.29.37:163][807]LogPlayLevel: PlayLevel: No blueprints needed recompiling
[2015.09.03-03.29.37:163][807]PIE: New page: PIE session: Al_Map (3 Sep 2015 11:29:37 pm)
[2015.09.03-03.29.37:163][807]LogPlayLevel: Creating play world package: /Game/Maps/Artists/Alex/UEDPIE_0_Al_Map
[2015.09.03-03.29.37:185][807]LogPlayLevel: PIE: StaticDuplicateObject took: (0.021552s)
[2015.09.03-03.29.37:186][807]LogAIModule: Creating AISystem for world Al_Map
[2015.09.03-03.29.37:186][807]LogPlayLevel: PIE: World Init took: (0.001064s)
[2015.09.03-03.29.37:186][807]LogPlayLevel: PIE: Created PIE world by copying editor world from /Game/Maps/Artists/Alex/Al_Map.Al_Map to /Game/Maps/Artists/Alex/UEDPIE_0_Al_Map.Al_Map (0.022843s)
[2015.09.03-03.29.37:204][807]LogInit: XAudio2 using 'Speakers (Realtek High Definition Audio)' : 2 channels at 48 kHz using 32 bits per sample (channel mask 0x3)
[2015.09.03-03.29.37:213][807]LogInit: FAudioDevice initialized.
[2015.09.03-03.29.37:257][807]LogWorld: Game class is 'Al_GameMode_C'
[2015.09.03-03.29.37:261][807]LogWorld: Bringing World /Game/Maps/Artists/Alex/UEDPIE_0_Al_Map.Al_Map up for play (max tick rate 0) at 2015.09.03-13.29.37
[2015.09.03-03.29.37:261][807]LogActor:Warning: GameSession /Game/Maps/Artists/Alex/UEDPIE_0_Al_Map.Al_Map:PersistentLevel.GameSession_0 has natively added scene component(s), but none of them were set as the actor's RootComponent - picking one arbitrarily
[2015.09.03-03.29.37:261][807]LogActor:Warning: GameNetworkManager /Game/Maps/Artists/Alex/UEDPIE_0_Al_Map.Al_Map:PersistentLevel.GameNetworkManager_0 has natively added scene component(s), but none of them were set as the actor's RootComponent - picking one arbitrarily
[2015.09.03-03.29.37:261][807]LogWorld: Bringing up level for play took: 0.002661
[2015.09.03-03.29.37:262][807]PIE: Info Play in editor start time for /Game/Maps/Artists/Alex/UEDPIE_0_Al_Map -0.075
[2015.09.03-03.29.