[2015.09.03-01.47.57:973][  0]Log file open, 09/03/15 11:47:57
[2015.09.03-01.47.57:973][  0]LogInit:Display: Running engine for game: Curro_Prototype
[2015.09.03-01.47.57:973][  0]LogInit:Display: RandInit(1680825614) SRandInit(1680825614).
[2015.09.03-01.47.57:973][  0]LogTaskGraph: Started task graph with 4 named threads and 7 total threads.
[2015.09.03-01.47.57:973][  0]LogStats: Stats thread started at 0.070001
[2015.09.03-01.47.57:973][  0]LogInit: Version: 4.9.0-2672455+++depot+UE4-Releases+4.9
[2015.09.03-01.47.57:973][  0]LogInit: API Version: 2672455
[2015.09.03-01.47.57:973][  0]LogInit: Compiled (64-bit): Aug 28 2015 12:33:01
[2015.09.03-01.47.57:973][  0]LogInit: Compiled with Visual C++: 18.00.21005.01
[2015.09.03-01.47.57:973][  0]LogInit: Build Configuration: Development
[2015.09.03-01.47.57:973][  0]LogInit: Branch Name: ++depot+UE4-Releases+4.9
[2015.09.03-01.47.57:973][  0]LogInit: Command line:  
[2015.09.03-01.47.57:973][  0]LogInit: Base directory: C:/Users/jackson.luff/Desktop/4.9/4.9/Engine/Binaries/Win64/
[2015.09.03-01.47.57:973][  0]LogInit: Rocket: 1
[2015.09.03-01.47.57:979][  0]LogInit: Using libcurl 7.41.0
[2015.09.03-01.47.57:979][  0]LogInit:  - built for x86_64-pc-win32
[2015.09.03-01.47.57:979][  0]LogInit:  - supports SSL with WinSSL
[2015.09.03-01.47.57:979][  0]LogInit:  - other features:
[2015.09.03-01.47.57:979][  0]LogInit:      CURL_VERSION_SSL
[2015.09.03-01.47.57:979][  0]LogInit:      CURL_VERSION_IPV6
[2015.09.03-01.47.57:979][  0]LogInit:      CURL_VERSION_ASYNCHDNS
[2015.09.03-01.47.57:979][  0]LogInit:      CURL_VERSION_LARGEFILE
[2015.09.03-01.47.57:979][  0]LogInit:      CURL_VERSION_IDN
[2015.09.03-01.47.57:980][  0]LogInit:  CurlRequestOptions (configurable via config and command line):
[2015.09.03-01.47.57:980][  0]LogInit:  - bVerifyPeer = true  - Libcurl will verify peer certificate
[2015.09.03-01.47.57:980][  0]LogInit:  - bUseHttpProxy = false  - Libcurl will NOT use HTTP proxy
[2015.09.03-01.47.57:980][  0]LogInit:  - bDontReuseConnections = false  - Libcurl will reuse connections
[2015.09.03-01.47.57:980][  0]LogInit:  - CertBundlePath = nullptr  - Libcurl will use whatever was configured at build time.
[2015.09.03-01.47.57:986][  0]LogInit: Presizing for 0 objects not considered by GC, pre-allocating 0 bytes.
[2015.09.03-01.47.57:993][  0]LogInit: Object subsystem initialized
[2015.09.03-01.47.57:994][  0]LogInit: Selected Device Profile: [Windows]
[2015.09.03-01.47.57:994][  0]LogInit: Applying CVar settings loaded from the selected device profile: [Windows]
[2015.09.03-01.47.58:003][  0]LogInit: Computer: AIE-WHITE-16
[2015.09.03-01.47.58:003][  0]LogInit: User: jacksonluff
[2015.09.03-01.47.58:003][  0]LogInit: CPU Page size=4096, Cores=4
[2015.09.03-01.47.58:003][  0]LogInit: High frequency timer resolution =3.410273 MHz
[2015.09.03-01.47.58:003][  0]LogMemory: Memory total: Physical=15.9GB (16GB approx)
[2015.09.03-01.47.58:003][  0]LogMemory: Platform Memory Stats for Windows
[2015.09.03-01.47.58:003][  0]LogMemory: Process Physical Memory: 54.29 MB used, 54.29 MB peak
[2015.09.03-01.47.58:003][  0]LogMemory: Process Virtual Memory: 59.23 MB used, 59.23 MB peak
[2015.09.03-01.47.58:003][  0]LogMemory: Physical Memory: 4842.90 MB used, 16299.57 MB total
[2015.09.03-01.47.58:003][  0]LogMemory: Virtual Memory: 339.26 MB used, 8388608.00 MB total
[2015.09.03-01.47.58:038][  0]LogTextLocalizationManager: No specific translations for ('en-AU') exist, so ('en') translations will be used.
[2015.09.03-01.47.58:812][  0]LogD3D11RHI: Found D3D11 adapter 0: NVIDIA GeForce GTX 560  (Feature Level 11_0)
[2015.09.03-01.47.58:812][  0]LogD3D11RHI: Adapter has 977MB of dedicated video memory, 0MB of dedicated system memory, and 3071MB of shared system memory, 2 output[s]
[2015.09.03-01.47.58:812][  0]LogD3D11RHI: Chosen D3D11 Adapter Id = 0
[2015.09.03-01.47.58:817][  0]LogD3D11RHI: !Direct3DDevice
[2015.09.03-01.47.58:818][  0]LogRHI: Texture pool is 684 MB (70% of 977 MB)
[2015.09.03-01.47.58:825][  0]LogD3D11RHI: Async texture creation enabled
[2015.09.03-01.47.58:834][  0]LogShaderCompilers: Guid format shader working directory is 15 characters bigger than the processId version (../../../../../../../../SourceTree/Curro/Intermediate/Shaders/WorkingDirectory/5568/).
[2015.09.03-01.47.58:834][  0]LogShaderCompilers: Cleaned the shader compiler working directory '../../../../../../../../SourceTree/Curro/Intermediate/Shaders/tmp/9534D00E45DAFDD3FB0190AA2D08020E/'.
[2015.09.03-01.47.58:834][  0]LogShaderCompilers:Display: Using Local Shader Compiler.
[2015.09.03-01.48.00:041][  0]LogTemp:Display: Loaded TP AllDesktopTargetPlatform
[2015.09.03-01.48.00:046][  0]LogTemp:Display: Loaded TP WindowsClientTargetPlatform
[2015.09.03-01.48.00:052][  0]LogTemp:Display: Loaded TP WindowsNoEditorTargetPlatform
[2015.09.03-01.48.00:057][  0]LogTemp:Display: Loaded TP WindowsServerTargetPlatform
[2015.09.03-01.48.00:061][  0]LogTemp:Display: Loaded TP WindowsTargetPlatform
[2015.09.03-01.48.00:065][  0]LogTemp:Display: Loaded TP AndroidTargetPlatform
[2015.09.03-01.48.00:068][  0]LogTemp:Display: Loaded TP Android_ASTCTargetPlatform
[2015.09.03-01.48.00:071][  0]LogTemp:Display: Loaded TP Android_ATCTargetPlatform
[2015.09.03-01.48.00:075][  0]LogTemp:Display: Loaded TP Android_DXTTargetPlatform
[2015.09.03-01.48.00:078][  0]LogTemp:Display: Loaded TP Android_ETC1TargetPlatform
[2015.09.03-01.48.00:082][  0]LogTemp:Display: Loaded TP Android_ETC2TargetPlatform
[2015.09.03-01.48.00:085][  0]LogTemp:Display: Loaded TP Android_PVRTCTargetPlatform
[2015.09.03-01.48.00:086][  0]LogTemp:Display: Loaded TP HTML5TargetPlatform
[2015.09.03-01.48.00:103][  0]LogTemp:Display: Loaded TP IOSTargetPlatform
[2015.09.03-01.48.00:107][  0]LogTemp:Display: Loaded TP LinuxNoEditorTargetPlatform
[2015.09.03-01.48.00:111][  0]LogTemp:Display: Loaded TP LinuxServerTargetPlatform
[2015.09.03-01.48.00:114][  0]LogTemp:Display: Loaded TP LinuxTargetPlatform
[2015.09.03-01.48.00:114][  0]LogTargetPlatformManager:Display: Building Assets For Windows
[2015.09.03-01.48.00:192][  0]LogDerivedDataCache:Display: Max Cache Size: 512 MB
[2015.09.03-01.48.00:252][  0]LogDerivedDataCache: Loaded boot cache 0.06s 41MB C:/Users/jackson.luff/AppData/Local/UnrealEngine/4.9/DerivedDataCache/Boot.ddc.
[2015.09.03-01.48.00:252][  0]LogDerivedDataCache:Display: Loaded Boot cache: C:/Users/jackson.luff/AppData/Local/UnrealEngine/4.9/DerivedDataCache/Boot.ddc
[2015.09.03-01.48.00:252][  0]LogDerivedDataCache: FDerivedDataBackendGraph:  Pak pak cache file ../../../../../../../../SourceTree/Curro/DerivedDataCache/DDC.ddp not found, will not use a pak cache.
[2015.09.03-01.48.00:252][  0]LogDerivedDataCache: Unable to find inner node Pak for hierarchical cache Hierarchy.
[2015.09.03-01.48.00:252][  0]LogDerivedDataCache: FDerivedDataBackendGraph:  CompressedPak pak cache file ../../../../../../../../SourceTree/Curro/DerivedDataCache/Compressed.ddp not found, will not use a pak cache.
[2015.09.03-01.48.00:252][  0]LogDerivedDataCache: Unable to find inner node CompressedPak for hierarchical cache Hierarchy.
[2015.09.03-01.48.00:417][  0]LogDerivedDataCache:Display: Pak cache opened for reading ../../../Engine/DerivedDataCache/Compressed.ddp.
[2015.09.03-01.48.00:429][  0]LogDerivedDataCache: Using Local data cache path C:/Users/jackson.luff/AppData/Local/UnrealEngine/Common/DerivedDataCache: Writable
[2015.09.03-01.48.00:612][  0]LogInit: Selected Device Profile: [Windows]
[2015.09.03-01.48.00:613][  0]LogContentStreaming: Texture pool size is 0.000000MB
[2015.09.03-01.48.00:636][  0]LogMeshUtilities: No automatic mesh reduction module available
[2015.09.03-01.48.00:636][  0]LogMeshUtilities: No automatic mesh merging module available
[2015.09.03-01.48.01:023][  0]LogInit: WinSock: version 1.1 (2.2), MaxSocks=32767, MaxUdp=65467
[2015.09.03-01.48.01:760][  0]UdpMessaging: Initializing bridge on interface 0.0.0.0:0 to multicast group 230.0.0.1:6666.
[2015.09.03-01.48.01:849][  0]LogAssetRegistry: FAssetRegistry took 0.0095 seconds to start up
[2015.09.03-01.48.02:010][  0]SourceControl: Info Source control is disabled
[2015.09.03-01.48.02:018][  0]SourceControl: Info Source control is disabled
[2015.09.03-01.48.02:029][  0]SourceControl: Info Source control is disabled
[2015.09.03-01.48.02:038][  0]SourceControl: Info Source control is disabled
[2015.09.03-01.48.02:178][  0]LogLinker:Warning: Asset '../../../Engine/Plugins/Runtime/LeapMotionController/Content/LM_PassthroughMaterial.uasset' has been saved with empty engine version. The asset will be loaded but may be incompatible.
[2015.09.03-01.48.02:253][  0]LogObj: 28361 objects as part of root set at end of initial load.
[2015.09.03-01.48.02:253][  0]LogUObjectAllocator: 6038872 out of 0 bytes used by permanent object pool.
[2015.09.03-01.48.02:318][  0]LogEngine: Initializing Engine...
[2015.09.03-01.48.02:320][  0]LogHMD: Can't find Oculus library dev build: is proper Runtime installed? Version: 0.6.0.0
[2015.09.03-01.48.02:320][  0]LogHMD: SteamVR failed to initialize.  Err: 110
[2015.09.03-01.48.02:467][  0]LogAIModule: Creating AISystem for world NewWorld
[2015.09.03-01.48.02:474][  0]LogInit: XAudio2 using 'Speakers (Realtek High Definition Audio)' : 2 channels at 48 kHz using 32 bits per sample (channel mask 0x3)
[2015.09.03-01.48.02:495][  0]LogInit: FAudioDevice initialized.
[2015.09.03-01.48.02:519][  0]LogDerivedDataCache: Saved boot cache 0.02s 41MB C:/Users/jackson.luff/AppData/Local/UnrealEngine/4.9/DerivedDataCache/Boot.ddc.
[2015.09.03-01.48.02:526][  0]LogInit: Texture streaming: Enabled
[2015.09.03-01.48.02:533][  0]LogAnalytics: Creating configured Analytics provider AnalyticsET
[2015.09.03-01.48.02:533][  0]LogAnalytics: [UEEditor.Rocket.Release] APIServer = http://et2.epicgames.com/ET2/. AppVersion = 4.9.0-2672455+++depot+UE4-Releases+4.9
[2015.09.03-01.48.02:534][  0]LogAnalytics: [UEEditor.Rocket.Release] SetUserId 7a2e3fec4719bf4a83d8dea097d66990|7cf267475aab4bafb7b336aedadbdf03|8149adf9-8169-4970-bdb0-ce5ce0a1e92c
[2015.09.03-01.48.02:534][  0]LogAnalytics: [UEEditor.Rocket.Release] AnalyticsET::StartSession
[2015.09.03-01.48.02:553][  0]LogInit: Transaction tracking system initialized
[2015.09.03-01.48.02:589][  0]BlueprintLog: New page: Editor Load
[2015.09.03-01.48.02:667][  0]LocalizationService: Info Localization service is disabled
[2015.09.03-01.48.02:744][  0]LogConsoleResponse:Display: 
[2015.09.03-01.48.02:878][  0]LogCook:Display: Done creating registry. It took  0.00s.
[2015.09.03-01.48.02:933][  0]LogFileCache: Scanning file cache for directory 'C:/SourceTree/Curro/Content/' took 0.01s
[2015.09.03-01.48.02:933][  0]SourceControl: Info Source control is disabled
[2015.09.03-01.48.02:933][  0]Cmd: MAP LOAD FILE="../../../Engine/Content/Maps/Templates/Template_Default.umap" TEMPLATE=1 SHOWPROGRESS=1 FEATURELEVEL=3
[2015.09.03-01.48.02:933][  0]LightingResults: New page: Lighting Build
[2015.09.03-01.48.02:936][  0]MapCheck: New page: Map Check
[2015.09.03-01.48.02:936][  0]LightingResults: New page: Lighting Build
[2015.09.03-01.48.02:946][  0]LogParticles: Destroying 0 GPU particle simulations for FXSystem 0x00000000203BDD00
[2015.09.03-01.48.03:257][  0]LogAIModule: Creating AISystem for world Untitled_1
[2015.09.03-01.48.03:262][  0]LogEditorServer: Finished looking for orphan Actors (0.000 secs)
[2015.09.03-01.48.03:269][  0]Cmd: MAP CHECKDEP NOCLEARLOG
[2015.09.03-01.48.03:314][  0]MapCheck: Info Map check complete: 0 Error(s), 0 Warning(s), took 45.072ms to complete.
[2015.09.03-01.48.03:314][  0]LogFileHelpers: Loading map 'Template_Default' took 0.381
[2015.09.03-01.48.03:424][  0]LogCollectionManager: Loaded 0 collections in 0.001544 seconds
[2015.09.03-01.48.03:462][  0]LogFileCache: Scanning file cache for directory 'C:/SourceTree/Curro/Saved/Collections/' took 0.01s
[2015.09.03-01.48.03:462][  0]LogFileCache: Scanning file cache for directory 'C:/SourceTree/Curro/Content/Developers/jacksonluff/Collections/' took 0.01s
[2015.09.03-01.48.03:462][  0]LogFileCache: Scanning file cache for directory 'C:/SourceTree/Curro/Content/Collections/' took 0.01s
[2015.09.03-01.48.03:462][  0]LogContentBrowser: Native class hierarchy populated in 0.0075 seconds. Added 1867 classes and 333 folders.
[2015.09.03-01.48.03:470][  0]LogCollectionManager: Rebuilt the GUID cache for 0 collections in 0.000003 seconds
[2015.09.03-01.48.03:476][  0]LogContentBrowser: Native class hierarchy updated for 'WidgetCarousel' in 0.0003 seconds. Added 0 classes and 0 folders.
[2015.09.03-01.48.03:524][  0]LogContentBrowser: Native class hierarchy updated for 'AddContentDialog' in 0.0003 seconds. Added 0 classes and 0 folders.
[2015.09.03-01.48.03:529][  0]LogContentBrowser: Native class hierarchy updated for 'SceneOutliner' in 0.0005 seconds. Added 1 classes and 2 folders.
[2015.09.03-01.48.03:583][  0]LogCrashTracker: Crashtracker disabled due to settings.
[2015.09.03-01.48.03:587][  0]LogUObjectGlobals:Warning: Failed to find object 'Class None.'
[2015.09.03-01.48.03:609][  0]LogLoad: Full Startup: 6.16 seconds (BP compile: 0.05 seconds)
[2015.09.03-01.48.03:992][  0]LogContentStreaming: Texture pool size now 1000 MB
[2015.09.03-01.48.04:134][  0]LogRenderer: Reallocating scene render targets to support 1056x556 (Frame:2).
[2015.09.03-01.48.05:289][  4]LogAssetRegistry: Asset discovery search completed in 3.4497 seconds
[2015.09.03-01.48.05:289][  4]LogCollectionManager: Rebuilt the object cache for 0 collections in 0.000001 seconds (found 0 objects)
[2015.09.03-01.48.05:289][  4]LogCollectionManager: Fixed up redirectors for 0 collections in 0.000022 seconds (updated 0 objects)
[2015.09.03-01.48.34:579][171]LogRenderer: Reallocating scene render targets to support 1056x580 (Frame:89).
[2015.09.03-01.48.40:026][582]LogAIModule: Creating AISystem for world Mother_Map
[2015.09.03-01.48.40:059][582]Cmd: MAP LOAD FILE="../../../../../../../../SourceTree/Curro/Content/Mother_Map.umap" TEMPLATE=0 SHOWPROGRESS=1 FEATURELEVEL=3
[2015.09.03-01.48.40:060][582]LightingResults: New page: Lighting Build
[2015.09.03-01.48.40:077][582]LoadErrors: New page: Loading map: Mother_Map.umap
[2015.09.03-01.48.40:078][582]MapCheck: New page: Map Check
[2015.09.03-01.48.40:078][582]LightingResults: New page: Lighting Build
[2015.09.03-01.48.40:089][582]LogParticles: Destroying 0 GPU particle simulations for FXSystem 0x000000001040B6A0
[2015.09.03-01.48.40:137][582]LogEditorServer: Finished looking for orphan Actors (0.000 secs)
[2015.09.03-01.48.40:168][582]Cmd: MAP CHECKDEP NOCLEARLOG
[2015.09.03-01.48.40:223][582]MapCheck:Warning: Warning ThirdPerson_AnimBP_C_0 ThirdPerson_AnimBP_C /Game/Mother_Map.Mother_Map:PersistentLevel.DefaultCharacter_102.CharacterMesh0.ThirdPerson_AnimBP_C_0 : Externally referenced 
[2015.09.03-01.48.40:223][582]MapCheck:Warning: Warning ThirdPerson_AnimBP_C_0 ThirdPerson_AnimBP_C /Game/Mother_Map.Mother_Map:PersistentLevel.DefaultCharacter_102.CharacterMesh0.ThirdPerson_AnimBP_C_0 : Externally referenced 
[2015.09.03-01.48.40:223][582]MapCheck:Warning: Warning ThirdPerson_AnimBP_C_0 ThirdPerson_AnimBP_C /Game/Mother_Map.Mother_Map:PersistentLevel.DefaultCharacter_102.CharacterMesh0.ThirdPerson_AnimBP_C_0 : Externally referenced 
[2015.09.03-01.48.40:223][582]MapCheck:Warning: Warning ThirdPerson_AnimBP_C_0 ThirdPerson_AnimBP_C /Game/Mother_Map.Mother_Map:PersistentLevel.DefaultCharacter_102.CharacterMesh0.ThirdPerson_AnimBP_C_0 : Externally referenced 
[2015.09.03-01.48.40:223][582]MapCheck:Warning: Warning ThirdPerson_AnimBP_C_0 ThirdPerson_AnimBP_C /Game/Mother_Map.Mother_Map:PersistentLevel.DefaultCharacter_102.CharacterMesh0.ThirdPerson_AnimBP_C_0 : Externally referenced 
[2015.09.03-01.48.40:223][582]MapCheck:Warning: Warning DefaultCharacter_102 SkeletalMeshComponent /Game/Mother_Map.Mother_Map:PersistentLevel.DefaultCharacter_102.CharacterMesh0 : Externally referenced 
[2015.09.03-01.48.40:223][582]MapCheck:Warning: Warning AbstractNavData-Default AbstractNavData /Game/Mother_Map.Mother_Map:PersistentLevel.AbstractNavData-Default : Externally referenced 
[2015.09.03-01.48.40:223][582]MapCheck: Info Map check complete: 0 Error(s), 7 Warning(s), took 55.019ms to complete.
[2015.09.03-01.48.40:233][582]LogFileHelpers: Loading map 'Mother_Map' took 0.175
[2015.09.03-01.49.21:281][336]LogEditorViewport: Clicking on Actor (LMB): StaticMeshActor (Floor)
[2015.09.03-01.49.22:948][448]LogEditorViewport: Clicking on Actor (LMB): DefaultCharacter_C (DefaultCharacter)
[2015.09.03-01.49.29:230][734]LogAIModule: Creating AISystem for world Default_Map
[2015.09.03-01.49.29:240][734]LogActorComponent: UnregisterComponent: (/Engine/Transient.CharMoveComp) Not registered. Aborting.
[2015.09.03-01.49.29:255][734]Cmd: MAP LOAD FILE="../../../../../../../../SourceTree/Curro/Content/Maps/;Default/Default_Map.umap" TEMPLATE=0 SHOWPROGRESS=1 FEATURELEVEL=3
[2015.09.03-01.49.29:255][734]LightingResults: New page: Lighting Build
[2015.09.03-01.49.29:275][734]LoadErrors: New page: Loading map: Default_Map.umap
[2015.09.03-01.49.29:299][734]MapCheck: New page: Map Check
[2015.09.03-01.49.29:299][734]LightingResults: New page: Lighting Build
[2015.09.03-01.49.29:309][734]LogParticles: Destroying 0 GPU particle simulations for FXSystem 0x0000000024EE4FE0
[2015.09.03-01.49.29:353][734]LogEditorServer: Finished looking for orphan Actors (0.000 secs)
[2015.09.03-01.49.29:384][734]Cmd: MAP CHECKDEP NOCLEARLOG
[2015.09.03-01.49.29:433][734]MapCheck:Warning: Warning AbstractNavData-Default AbstractNavData /Game/Maps/;Default/Default_Map.Default_Map:PersistentLevel.AbstractNavData-Default : Externally referenced 
[2015.09.03-01.49.29:433][734]MapCheck:Warning: Warning ThirdPerson_AnimBP_C_2 ThirdPerson_AnimBP_C /Game/Maps/;Default/Default_Map.Default_Map:PersistentLevel.DefaultCharacter_102.CharacterMesh0.ThirdPerson_AnimBP_C_2 : Externally referenced 
[2015.09.03-01.49.29:433][734]MapCheck:Warning: Warning ThirdPerson_AnimBP_C_2 ThirdPerson_AnimBP_C /Game/Maps/;Default/Default_Map.Default_Map:PersistentLevel.DefaultCharacter_102.CharacterMesh0.ThirdPerson_AnimBP_C_2 : Externally referenced 
[2015.09.03-01.49.29:433][734]MapCheck:Warning: Warning ThirdPerson_AnimBP_C_2 ThirdPerson_AnimBP_C /Game/Maps/;Default/Default_Map.Default_Map:PersistentLevel.DefaultCharacter_102.CharacterMesh0.ThirdPerson_AnimBP_C_2 : Externally referenced 
[2015.09.03-01.49.29:433][734]MapCheck:Warning: Warning ThirdPerson_AnimBP_C_2 ThirdPerson_AnimBP_C /Game/Maps/;Default/Default_Map.Default_Map:PersistentLevel.DefaultCharacter_102.CharacterMesh0.ThirdPerson_AnimBP_C_2 : Externally referenced 
[2015.09.03-01.49.29:433][734]MapCheck:Warning: Warning ThirdPerson_AnimBP_C_2 ThirdPerson_AnimBP_C /Game/Maps/;Default/Default_Map.Default_Map:PersistentLevel.DefaultCharacter_102.CharacterMesh0.ThirdPerson_AnimBP_C_2 : Externally referenced 
[2015.09.03-01.49.29:433][734]MapCheck:Warning: Warning DefaultCharacter_102 SkeletalMeshComponent /Game/Maps/;Default/Default_Map.Default_Map:PersistentLevel.DefaultCharacter_102.CharacterMesh0 : Externally referenced 
[2015.09.03-01.49.29:433][734]MapCheck: Info Map check complete: 0 Error(s), 7 Warning(s), took 49.367ms to complete.
[2015.09.03-01.49.29:438][734]LogFileHelpers: Loading map 'Default_Map' took 0.184
[2015.09.03-01.49.34:164][941]LogAIModule: Creating AISystem for world Al_Map
[2015.09.03-01.49.34:174][941]LogActorComponent: UnregisterComponent: (/Engine/Transient.CharMoveComp) Not registered. Aborting.
[2015.09.03-01.49.34:189][941]Cmd: MAP LOAD FILE="../../../../../../../../SourceTree/Curro/Content/Maps/Artists/Alex/Al_Map.umap" TEMPLATE=0 SHOWPROGRESS=1 FEATURELEVEL=3
[2015.09.03-01.49.34:190][941]LightingResults: New page: Lighting Build
[2015.09.03-01.49.34:205][941]LoadErrors: New page: Loading map: Al_Map.umap
[2015.09.03-01.49.34:205][941]MapCheck: New page: Map Check
[2015.09.03-01.49.34:205][941]LightingResults: New page: Lighting Build
[2015.09.03-01.49.34:215][941]LogParticles: Destroying 0 GPU particle simulations for FXSystem 0x0000000024F74900
[2015.09.03-01.49.34:262][941]LogEditorServer: Finished looking for orphan Actors (0.000 secs)
[2015.09.03-01.49.34:294][941]Cmd: MAP CHECKDEP NOCLEARLOG
[2015.09.03-01.49.34:345][941]MapCheck:Warning: Warning ThirdPerson_AnimBP_C_4 ThirdPerson_AnimBP_C /Game/Maps/Artists/Alex/Al_Map.Al_Map:PersistentLevel.DefaultCharacter_102.CharacterMesh0.ThirdPerson_AnimBP_C_4 : Externally referenced 
[2015.09.03-01.49.34:346][941]MapCheck:Warning: Warning ThirdPerson_AnimBP_C_4 ThirdPerson_AnimBP_C /Game/Maps/Artists/Alex/Al_Map.Al_Map:PersistentLevel.DefaultCharacter_102.CharacterMesh0.ThirdPerson_AnimBP_C_4 : Externally referenced 
[2015.09.03-01.49.34:346][941]MapCheck:Warning: Warning ThirdPerson_AnimBP_C_4 ThirdPerson_AnimBP_C /Game/Maps/Artists/Alex/Al_Map.Al_Map:PersistentLevel.DefaultCharacter_102.CharacterMesh0.ThirdPerson_AnimBP_C_4 : Externally referenced 
[2015.09.03-01.49.34:346][941]MapCheck:Warning: Warning ThirdPerson_AnimBP_C_4 ThirdPerson_AnimBP_C /Game/Maps/Artists/Alex/Al_Map.Al_Map:PersistentLevel.DefaultCharacter_102.CharacterMesh0.ThirdPerson_AnimBP_C_4 : Externally referenced 
[2015.09.03-01.49.34:346][941]MapCheck:Warning: Warning ThirdPerson_AnimBP_C_4 ThirdPerson_AnimBP_C /Game/Maps/Artists/Alex/Al_Map.Al_Map:PersistentLevel.DefaultCharacter_102.CharacterMesh0.ThirdPerson_AnimBP_C_4 : Externally referenced 
[2015.09.03-01.49.34:346][941]MapCheck:Warning: Warning DefaultCharacter_102 SkeletalMeshComponent /Game/Maps/Artists/Alex/Al_Map.Al_Map:PersistentLevel.DefaultCharacter_102.CharacterMesh0 : Externally referenced 
[2015.09.03-01.49.34:346][941]MapCheck:Warning: Warning AbstractNavData-Default AbstractNavData /Game/Maps/Artists/Alex/Al_Map.Al_Map:PersistentLevel.AbstractNavData-Default : Externally referenced 
[2015.09.03-01.49.34:346][941]MapCheck: Info Map check complete: 0 Error(s), 7 Warning(s), took 52.159ms to complete.
[2015.09.03-01.49.34:352][941]LogFileHelpers: Loading map 'Al_Map' took 0.163
[2015.09.03-01.52.26:331][598]LogPlayLevel: PlayLevel: No blueprints needed recompiling
[2015.09.03-01.52.26:331][598]PIE: New page: PIE session: Al_Map (3 Sep 2015 9:52:26 pm)
[2015.09.03-01.52.26:331][598]LogPlayLevel: Creating play world package: /Game/Maps/Artists/Alex/UEDPIE_0_Al_Map
[2015.09.03-01.52.26:356][598]LogPlayLevel: PIE: StaticDuplicateObject took: (0.024102s)
[2015.09.03-01.52.26:357][598]LogAIModule: Creating AISystem for world Al_Map
[2015.09.03-01.52.26:357][598]LogPlayLevel: PIE: World Init took: (0.001290s)
[2015.09.03-01.52.26:358][598]LogPlayLevel: PIE: Created PIE world by copying editor world from /Game/Maps/Artists/Alex/Al_Map.Al_Map to /Game/Maps/Artists/Alex/UEDPIE_0_Al_Map.Al_Map (0.026755s)
[2015.09.03-01.52.26:359][598]LogActorComponent: UnregisterComponent: (/Engine/Transient.CharMoveComp) Not registered. Aborting.
[2015.09.03-01.52.26:381][598]LogInit: XAudio2 using 'Speakers (Realtek High Definition Audio)' : 2 channels at 48 kHz using 32 bits per sample (channel mask 0x3)
[2015.09.03-01.52.26:390][598]LogInit: FAudioDevice initialized.
[2015.09.03-01.52.26:431][598]LogWorld: Game class is 'Al_GameMode_C'
[2015.09.03-01.52.26:434][598]LogWorld: Bringing World /Game/Maps/Artists/Alex/UEDPIE_0_Al_Map.Al_Map up for play (max tick rate 0) at 2015.09.03-11.52.26
[2015.09.03-01.52.26:435][598]LogActor:Warning: GameSession /Game/Maps/Artists/Alex/UEDPIE_0_Al_Map.Al_Map:PersistentLevel.GameSession_0 has natively added scene component(s), but none of them were set as the actor's RootComponent - picking one arbitrarily
[2015.09.03-01.52.26:435][598]LogActor:Warning: GameNetworkManager /Game/Maps/Artists/Alex/UEDPIE_0_Al_Map.Al_Map:PersistentLevel.GameNetworkManager_0 has natively added scene component(s), but none of them were set as the actor's RootComponent - picking one arbitrarily
[2015.09.03-01.52.26:435][598]LogWorld: Bringing up level for play took: 0.002665
[2015.09.03-01.52.26:436][598]PIE: Info Play in editor start time for /Game/Maps/Artists/Alex/UEDPIE_0_Al_Map -0.814
[2015.09.03-01.52.29:746][856]LogParticles: Destroying 0 GPU particle simulations for FXSystem 0x000000002776C180
[2015.09.03-01.52.52:622][375]Cmd: MAP LOAD FILE="../../../../../../../../SourceTree/Curro/Content/Maps/Artists/Alex/Al_Map.umap" TEMPLATE=0 SHOWPROGRESS=1 FEATURELEVEL=3
[2015.09.03-01.52.52:622][375]LightingResults: New page: Lighting Build
[2015.09.03-01.52.52:638][375]LoadErrors: New page: Loading map: Al_Map.umap
[2015.09.03-01.52.52:638][375]MapCheck: New page: Map Check
[2015.09.03-01.52.52:638][375]LightingResults: New page: Lighting Build
[2015.09.03-01.52.52:649][375]LogParticles: Destroying 0 GPU particle simulations for FXSystem 0x0000000024F76700
[2015.09.03-01.52.52:670][375]LogAIModule: Creating AISystem for world Al_Map
[2015.09.03-01.52.52:715][375]LogEditorServer: Finished looking for orphan Actors (0.000 secs)
[2015.09.03-01.52.52:747][375]Cmd: MAP CHECKDEP NOCLEARLOG
[2015.09.03-01.52.52:799][375]MapCheck:Warning: Warning ThirdPerson_AnimBP_C_7 ThirdPerson_AnimBP_C /Game/Maps/Artists/Alex/Al_Map.Al_Map:PersistentLevel.DefaultCharacter_102.CharacterMesh0.ThirdPerson_AnimBP_C_7 : Externally referenced 
[2015.09.03-01.52.52:799][375]MapCheck:Warning: Warning ThirdPerson_AnimBP_C_7 ThirdPerson_AnimBP_C /Game/Maps/Artists/Alex/Al_Map.Al_Map:PersistentLevel.DefaultCharacter_102.CharacterMesh0.ThirdPerson_AnimBP_C_7 : Externally referenced 
[2015.09.03-01.52.52:799][375]MapCheck:Warning: Warning ThirdPerson_AnimBP_C_7 ThirdPerson_AnimBP_C /Game/Maps/Artists/Alex/Al_Map.Al_Map:PersistentLevel.DefaultCharacter_102.CharacterMesh0.ThirdPerson_AnimBP_C_7 : Externally referenced 
[2015.09.03-01.52.52:799][375]MapCheck:Warning: Warning ThirdPerson_AnimBP_C_7 ThirdPerson_AnimBP_C /Game/Maps/Artists/Alex/Al_Map.Al_Map:PersistentLevel.DefaultCharacter_102.CharacterMesh0.ThirdPerson_AnimBP_C_7 : Externally referenced 
[2015.09.03-01.52.52:799][375]MapCheck:Warning: Warning ThirdPerson_AnimBP_C_7 ThirdPerson_AnimBP_C /Game/Maps/Artists/Alex/Al_Map.Al_Map:PersistentLevel.DefaultCharacter_102.CharacterMesh0.ThirdPerson_AnimBP_C_7 : Externally referenced 
[2015.09.03-01.52.52:799][375]MapCheck:Warning: Warning DefaultCharacter_102 SkeletalMeshComponent /Game/Maps/Artists/Alex/Al_Map.Al_Map:PersistentLevel.DefaultCharacter_102.CharacterMesh0 : Externally referenced 
[2015.09.03-01.52.52:799][375]MapCheck:Warning: Warning AbstractNavData-Default AbstractNavData /Game/Maps/Artists/Alex/Al_Map.Al_Map:PersistentLevel.AbstractNavData-Default : Externally referenced 
[2015.09.03-01.52.52:799][375]MapCheck: Info Map check complete: 0 Error(s), 7 Warning(s), took 51.946ms to complete.
[2015.09.03-01.52.52:810][375]LogFileHelpers: Loading map 'Al_Map' took 0.190
[2015.09.03-01.52.56:850][568]LogActorComponent: UnregisterComponent: (/Engine/Transient.CharMoveComp) Not registered. Aborting.
[2015.09.03-01.52.56:863][568]Cmd: MAP LOAD FILE="../../../../../../../../SourceTree/Curro/Content/Maps/Artists/Alex/Al_Map.umap" TEMPLATE=0 SHOWPROGRESS=1 FEATURELEVEL=3
[2015.09.03-01.52.56:863][568]LightingResults: New page: Lighting Build
[2015.09.03-01.52.56:878][568]LoadErrors: New page: Loading map: Al_Map.umap
[2015.09.03-01.52.56:879][568]MapCheck: New page: Map Check
[2015.09.03-01.52.56:879][568]LightingResults: New page: Lighting Build
[2015.09.03-01.52.56:907][568]LogParticles: Destroying 0 GPU particle simulations for FXSystem 0x0000000024F75D00
[2015.09.03-01.52.56:910][568]LogAIModule: Creating AISystem for world Al_Map
[2015.09.03-01.52.56:955][568]LogEditorServer: Finished looking for orphan Actors (0.000 secs)
[2015.09.03-01.52.56:986][568]Cmd: MAP CHECKDEP NOCLEARLOG
[2015.09.03-01.52.57:044][568]MapCheck:Warning: Warning ThirdPerson_AnimBP_C_9 ThirdPerson_AnimBP_C /Game/Maps/Artists/Alex/Al_Map.Al_Map:PersistentLevel.DefaultCharacter_102.CharacterMesh0.ThirdPerson_AnimBP_C_9 : Externally referenced 
[2015.09.03-01.52.57:044][568]MapCheck:Warning: Warning ThirdPerson_AnimBP_C_9 ThirdPerson_AnimBP_C /Game/Maps/Artists/Alex/Al_Map.Al_Map:PersistentLevel.DefaultCharacter_102.CharacterMesh0.ThirdPerson_AnimBP_C_9 : Externally referenced 
[2015.09.03-01.52.57:044][568]MapCheck:Warning: Warning ThirdPerson_AnimBP_C_9 ThirdPerson_AnimBP_C /Game/Maps/Artists/Alex/Al_Map.Al_Map:PersistentLevel.DefaultCharacter_102.CharacterMesh0.ThirdPerson_AnimBP_C_9 : Externally referenced 
[2015.09.03-01.52.57:044][568]MapCheck:Warning: Warning ThirdPerson_AnimBP_C_9 ThirdPerson_AnimBP_C /Game/Maps/Artists/Alex/Al_Map.Al_Map:PersistentLevel.DefaultCharacter_102.CharacterMesh0.ThirdPerson_AnimBP_C_9 : Externally referenced 
[2015.09.03-01.52.57:044][568]MapCheck:Warning: Warning ThirdPerson_AnimBP_C_9 ThirdPerson_AnimBP_C /Game/Maps/Artists/Alex/Al_Map.Al_Map:PersistentLevel.DefaultCharacter_102.CharacterMesh0.ThirdPerson_AnimBP_C_9 : Externally referenced 
[2015.09.03-01.52.57:044][568]MapCheck:Warning: Warning DefaultCharacter_102 SkeletalMeshComponent /Game/Maps/Artists/Alex/Al_Map.Al_Map:PersistentLevel.DefaultCharacter_102.CharacterMesh0 : Externally referenced 
[2015.09.03-01.52.57:044][568]MapCheck:Warning: Warning AbstractNavData-Default AbstractNavData /Game/Maps/Artists/Alex/Al_Map.Al_Map:PersistentLevel.AbstractNavData-Default : Externally referenced 
[2015.09.03-01.52.57:044][568]MapCheck: Info Map check complete: 0 Error(s), 7 Warning(s), took 57.821ms to complete.
[2015.09.03-01.52.57:055][568]LogFileHelpers: Loading map 'Al_Map' took 0.193
[2015.09.03-01.53.04:956][910]LogEditorViewport: Clicking on Actor (LMB): StaticMeshActor (Floor)
[2015.09.03-01.53.06:123][961]LogEditorViewport: Clicking on Actor (LMB): DefaultCharacter_C (DefaultCharacter)
[2015.09.03-01.53.12:241][285]LogWindows: LaunchURL http://docs.unrealengine.com/latest/INT/Shared/Editor/MapErrors/index.html?utm_source=editor&utm_medium=docs&utm_campaign=msg_log
[2015.09.03-03.22.17:047][275]LogAIModule: Creating AISystem for world Mother_Map
[2015.09.03-03.22.17:054][275]LogActorComponent: UnregisterComponent: (/Engine/Transient.CharMoveComp) Not registered. Aborting.
[2015.09.03-03.22.17:065][275]Cmd: MAP LOAD FILE="../../../../../../../../SourceTree/Curro/Content/Mother_Map.umap" TEMPLATE=0 SHOWPROGRESS=1 FEATURELEVEL=3
[2015.09.03-03.22.17:065][275]LightingResults: New page: Lighting Build
[2015.09.03-03.22.17:080][275]LoadErrors: New page: Loading map: Mother_Map.umap
[2015.09.03-03.22.17:106][275]MapCheck: New page: Map Check
[2015.09.03-03.22.17:106][275]LightingResults: New page: Lighting Build
[2015.09.03-03.22.17:115][275]LogParticles: Destroying 0 GPU particle simulations for FXSystem 0x000000002685DDA0
[2015.09.03-03.22.17:160][275]LogEditorServer: Finished looking for orphan Actors (0.000 secs)
[2015.09.03-03.22.17:191][275]Cmd: MAP CHECKDEP NOCLEARLOG
[2015.09.03-03.22.17:286][275]MapCheck:Warning: Warning ThirdPerson_AnimBP_C_11 ThirdPerson_AnimBP_C /Game/Mother_Map.Mother_Map:PersistentLevel.DefaultCharacter_102.CharacterMesh0.ThirdPerson_AnimBP_C_11 : Externally referenced 
[2015.09.03-03.22.17:286][275]MapCheck:Warning: Warning ThirdPerson_AnimBP_C_11 ThirdPerson_AnimBP_C /Game/Mother_Map.Mother_Map:PersistentLevel.DefaultCharacter_102.CharacterMesh0.ThirdPerson_AnimBP_C_11 : Externally referenced 
[2015.09.03-03.22.17:286][275]MapCheck:Warning: Warning ThirdPerson_AnimBP_C_11 ThirdPerson_AnimBP_C /Game/Mother_Map.Mother_Map:PersistentLevel.DefaultCharacter_102.CharacterMesh0.ThirdPerson_AnimBP_C_11 : Externally referenced 
[2015.09.03-03.22.17:287][275]MapCheck:Warning: Warning ThirdPerson_AnimBP_C_11 ThirdPerson_AnimBP_C /Game/Mother_Map.Mother_Map:PersistentLevel.DefaultCharacter_102.CharacterMesh0.ThirdPerson_AnimBP_C_11 : Externally referenced 
[2015.09.03-03.22.17:287][275]MapCheck:Warning: Warning ThirdPerson_AnimBP_C_11 ThirdPerson_AnimBP_C /Game/Mother_Map.Mother_Map:PersistentLevel.DefaultCharacter_102.CharacterMesh0.ThirdPerson_AnimBP_C_11 : Externally referenced 
[2015.09.03-03.22.17:287][275]MapCheck:Warning: Warning DefaultCharacter_102 SkeletalMeshComponent /Game/Mother_Map.Mother_Map:PersistentLevel.DefaultCharacter_102.CharacterMesh0 : Externally referenced 
[2015.09.03-03.22.17:287][275]MapCheck:Warning: Warning AbstractNavData-Default AbstractNavData /Game/Mother_Map.Mother_Map:PersistentLevel.AbstractNavData-Default : Externally referenced 
[2015.09.03-03.22.17:287][275]MapCheck: Info Map check complete: 0 Error(s), 7 Warning(s), took 96.131ms to comp