[2015.09.03-01.33.51:135][  0]Log file open, 09/03/15 11:33:51
[2015.09.03-01.33.51:135][  0]LogInit:Display: Running engine for game: Curro_Prototype
[2015.09.03-01.33.51:135][  0]LogInit:Display: RandInit(-1207111963) SRandInit(-1207111963).
[2015.09.03-01.33.51:135][  0]LogTaskGraph: Started task graph with 4 named threads and 7 total threads.
[2015.09.03-01.33.51:135][  0]LogStats: Stats thread started at 0.069238
[2015.09.03-01.33.51:135][  0]LogInit: Version: 4.9.0-2672455+++depot+UE4-Releases+4.9
[2015.09.03-01.33.51:135][  0]LogInit: API Version: 2672455
[2015.09.03-01.33.51:135][  0]LogInit: Compiled (64-bit): Aug 28 2015 12:33:01
[2015.09.03-01.33.51:136][  0]LogInit: Compiled with Visual C++: 18.00.21005.01
[2015.09.03-01.33.51:136][  0]LogInit: Build Configuration: Development
[2015.09.03-01.33.51:136][  0]LogInit: Branch Name: ++depot+UE4-Releases+4.9
[2015.09.03-01.33.51:136][  0]LogInit: Command line:  
[2015.09.03-01.33.51:136][  0]LogInit: Base directory: C:/Users/jackson.luff/Desktop/4.9/4.9/Engine/Binaries/Win64/
[2015.09.03-01.33.51:136][  0]LogInit: Rocket: 1
[2015.09.03-01.33.51:143][  0]LogInit: Using libcurl 7.41.0
[2015.09.03-01.33.51:143][  0]LogInit:  - built for x86_64-pc-win32
[2015.09.03-01.33.51:143][  0]LogInit:  - supports SSL with WinSSL
[2015.09.03-01.33.51:143][  0]LogInit:  - other features:
[2015.09.03-01.33.51:143][  0]LogInit:      CURL_VERSION_SSL
[2015.09.03-01.33.51:143][  0]LogInit:      CURL_VERSION_IPV6
[2015.09.03-01.33.51:143][  0]LogInit:      CURL_VERSION_ASYNCHDNS
[2015.09.03-01.33.51:143][  0]LogInit:      CURL_VERSION_LARGEFILE
[2015.09.03-01.33.51:143][  0]LogInit:      CURL_VERSION_IDN
[2015.09.03-01.33.51:143][  0]LogInit:  CurlRequestOptions (configurable via config and command line):
[2015.09.03-01.33.51:143][  0]LogInit:  - bVerifyPeer = true  - Libcurl will verify peer certificate
[2015.09.03-01.33.51:143][  0]LogInit:  - bUseHttpProxy = false  - Libcurl will NOT use HTTP proxy
[2015.09.03-01.33.51:143][  0]LogInit:  - bDontReuseConnections = false  - Libcurl will reuse connections
[2015.09.03-01.33.51:143][  0]LogInit:  - CertBundlePath = nullptr  - Libcurl will use whatever was configured at build time.
[2015.09.03-01.33.51:149][  0]LogInit: Presizing for 0 objects not considered by GC, pre-allocating 0 bytes.
[2015.09.03-01.33.51:156][  0]LogInit: Object subsystem initialized
[2015.09.03-01.33.51:158][  0]LogInit: Selected Device Profile: [Windows]
[2015.09.03-01.33.51:158][  0]LogInit: Applying CVar settings loaded from the selected device profile: [Windows]
[2015.09.03-01.33.51:166][  0]LogInit: Computer: AIE-WHITE-16
[2015.09.03-01.33.51:166][  0]LogInit: User: jacksonluff
[2015.09.03-01.33.51:166][  0]LogInit: CPU Page size=4096, Cores=4
[2015.09.03-01.33.51:166][  0]LogInit: High frequency timer resolution =3.410273 MHz
[2015.09.03-01.33.51:166][  0]LogMemory: Memory total: Physical=15.9GB (16GB approx)
[2015.09.03-01.33.51:166][  0]LogMemory: Platform Memory Stats for Windows
[2015.09.03-01.33.51:166][  0]LogMemory: Process Physical Memory: 54.35 MB used, 54.35 MB peak
[2015.09.03-01.33.51:166][  0]LogMemory: Process Virtual Memory: 59.29 MB used, 59.29 MB peak
[2015.09.03-01.33.51:166][  0]LogMemory: Physical Memory: 4890.38 MB used, 16299.57 MB total
[2015.09.03-01.33.51:166][  0]LogMemory: Virtual Memory: 339.26 MB used, 8388608.00 MB total
[2015.09.03-01.33.51:200][  0]LogTextLocalizationManager: No specific translations for ('en-AU') exist, so ('en') translations will be used.
[2015.09.03-01.33.51:996][  0]LogD3D11RHI: Found D3D11 adapter 0: NVIDIA GeForce GTX 560  (Feature Level 11_0)
[2015.09.03-01.33.51:996][  0]LogD3D11RHI: Adapter has 977MB of dedicated video memory, 0MB of dedicated system memory, and 3071MB of shared system memory, 2 output[s]
[2015.09.03-01.33.51:996][  0]LogD3D11RHI: Chosen D3D11 Adapter Id = 0
[2015.09.03-01.33.52:003][  0]LogD3D11RHI: !Direct3DDevice
[2015.09.03-01.33.52:003][  0]LogRHI: Texture pool is 684 MB (70% of 977 MB)
[2015.09.03-01.33.52:012][  0]LogD3D11RHI: Async texture creation enabled
[2015.09.03-01.33.52:022][  0]LogShaderCompilers: Guid format shader working directory is 15 characters bigger than the processId version (../../../../../../Documents/Unreal Projects/Curro_Prototype/Intermediate/Shaders/WorkingDirectory/5280/).
[2015.09.03-01.33.52:022][  0]LogShaderCompilers: Cleaned the shader compiler working directory '../../../../../../Documents/Unreal Projects/Curro_Prototype/Intermediate/Shaders/tmp/8CC53CA44381E13C8BBEEA92122C5966/'.
[2015.09.03-01.33.52:022][  0]LogShaderCompilers:Display: Using Local Shader Compiler.
[2015.09.03-01.33.53:260][  0]LogTemp:Display: Loaded TP AllDesktopTargetPlatform
[2015.09.03-01.33.53:265][  0]LogTemp:Display: Loaded TP WindowsClientTargetPlatform
[2015.09.03-01.33.53:270][  0]LogTemp:Display: Loaded TP WindowsNoEditorTargetPlatform
[2015.09.03-01.33.53:275][  0]LogTemp:Display: Loaded TP WindowsServerTargetPlatform
[2015.09.03-01.33.53:280][  0]LogTemp:Display: Loaded TP WindowsTargetPlatform
[2015.09.03-01.33.53:284][  0]LogTemp:Display: Loaded TP AndroidTargetPlatform
[2015.09.03-01.33.53:287][  0]LogTemp:Display: Loaded TP Android_ASTCTargetPlatform
[2015.09.03-01.33.53:290][  0]LogTemp:Display: Loaded TP Android_ATCTargetPlatform
[2015.09.03-01.33.53:294][  0]LogTemp:Display: Loaded TP Android_DXTTargetPlatform
[2015.09.03-01.33.53:297][  0]LogTemp:Display: Loaded TP Android_ETC1TargetPlatform
[2015.09.03-01.33.53:301][  0]LogTemp:Display: Loaded TP Android_ETC2TargetPlatform
[2015.09.03-01.33.53:305][  0]LogTemp:Display: Loaded TP Android_PVRTCTargetPlatform
[2015.09.03-01.33.53:306][  0]LogTemp:Display: Loaded TP HTML5TargetPlatform
[2015.09.03-01.33.53:322][  0]LogTemp:Display: Loaded TP IOSTargetPlatform
[2015.09.03-01.33.53:325][  0]LogTemp:Display: Loaded TP LinuxNoEditorTargetPlatform
[2015.09.03-01.33.53:328][  0]LogTemp:Display: Loaded TP LinuxServerTargetPlatform
[2015.09.03-01.33.53:332][  0]LogTemp:Display: Loaded TP LinuxTargetPlatform
[2015.09.03-01.33.53:332][  0]LogTargetPlatformManager:Display: Building Assets For Windows
[2015.09.03-01.33.53:403][  0]LogDerivedDataCache:Display: Max Cache Size: 512 MB
[2015.09.03-01.33.53:446][  0]LogDerivedDataCache: Loaded boot cache 0.04s 41MB C:/Users/jackson.luff/AppData/Local/UnrealEngine/4.9/DerivedDataCache/Boot.ddc.
[2015.09.03-01.33.53:446][  0]LogDerivedDataCache:Display: Loaded Boot cache: C:/Users/jackson.luff/AppData/Local/UnrealEngine/4.9/DerivedDataCache/Boot.ddc
[2015.09.03-01.33.53:446][  0]LogDerivedDataCache: FDerivedDataBackendGraph:  Pak pak cache file ../../../../../../Documents/Unreal Projects/Curro_Prototype/DerivedDataCache/DDC.ddp not found, will not use a pak cache.
[2015.09.03-01.33.53:446][  0]LogDerivedDataCache: Unable to find inner node Pak for hierarchical cache Hierarchy.
[2015.09.03-01.33.53:446][  0]LogDerivedDataCache: FDerivedDataBackendGraph:  CompressedPak pak cache file ../../../../../../Documents/Unreal Projects/Curro_Prototype/DerivedDataCache/Compressed.ddp not found, will not use a pak cache.
[2015.09.03-01.33.53:446][  0]LogDerivedDataCache: Unable to find inner node CompressedPak for hierarchical cache Hierarchy.
[2015.09.03-01.33.53:605][  0]LogDerivedDataCache:Display: Pak cache opened for reading ../../../Engine/DerivedDataCache/Compressed.ddp.
[2015.09.03-01.33.53:616][  0]LogDerivedDataCache: Using Local data cache path C:/Users/jackson.luff/AppData/Local/UnrealEngine/Common/DerivedDataCache: Writable
[2015.09.03-01.33.53:793][  0]LogInit: Selected Device Profile: [Windows]
[2015.09.03-01.33.53:794][  0]LogContentStreaming: Texture pool size is 0.000000MB
[2015.09.03-01.33.53:825][  0]LogMeshUtilities: No automatic mesh reduction module available
[2015.09.03-01.33.53:825][  0]LogMeshUtilities: No automatic mesh merging module available
[2015.09.03-01.33.54:190][  0]LogInit: WinSock: version 1.1 (2.2), MaxSocks=32767, MaxUdp=65467
[2015.09.03-01.33.54:907][  0]UdpMessaging: Initializing bridge on interface 0.0.0.0:0 to multicast group 230.0.0.1:6666.
[2015.09.03-01.33.54:997][  0]LogAssetRegistry: FAssetRegistry took 0.0097 seconds to start up
[2015.09.03-01.33.55:156][  0]SourceControl: Info Source control is disabled
[2015.09.03-01.33.55:163][  0]SourceControl: Info Source control is disabled
[2015.09.03-01.33.55:172][  0]SourceControl: Info Source control is disabled
[2015.09.03-01.33.55:180][  0]SourceControl: Info Source control is disabled
[2015.09.03-01.33.55:336][  0]LogLinker:Warning: Asset '../../../Engine/Plugins/Runtime/LeapMotionController/Content/LM_PassthroughMaterial.uasset' has been saved with empty engine version. The asset will be loaded but may be incompatible.
[2015.09.03-01.33.55:404][  0]LogObj: 28361 objects as part of root set at end of initial load.
[2015.09.03-01.33.55:404][  0]LogUObjectAllocator: 6038872 out of 0 bytes used by permanent object pool.
[2015.09.03-01.33.55:463][  0]LogEngine: Initializing Engine...
[2015.09.03-01.33.55:465][  0]LogHMD: Can't find Oculus library dev build: is proper Runtime installed? Version: 0.6.0.0
[2015.09.03-01.33.55:466][  0]LogHMD: SteamVR failed to initialize.  Err: 110
[2015.09.03-01.33.55:620][  0]LogAIModule: Creating AISystem for world NewWorld
[2015.09.03-01.33.55:626][  0]LogInit: XAudio2 using 'Speakers (Realtek High Definition Audio)' : 2 channels at 48 kHz using 32 bits per sample (channel mask 0x3)
[2015.09.03-01.33.55:635][  0]LogInit: FAudioDevice initialized.
[2015.09.03-01.33.55:655][  0]LogDerivedDataCache: Saved boot cache 0.02s 41MB C:/Users/jackson.luff/AppData/Local/UnrealEngine/4.9/DerivedDataCache/Boot.ddc.
[2015.09.03-01.33.55:662][  0]LogInit: Texture streaming: Enabled
[2015.09.03-01.33.55:667][  0]LogAnalytics: Creating configured Analytics provider AnalyticsET
[2015.09.03-01.33.55:667][  0]LogAnalytics: [UEEditor.Rocket.Release] APIServer = http://et2.epicgames.com/ET2/. AppVersion = 4.9.0-2672455+++depot+UE4-Releases+4.9
[2015.09.03-01.33.55:668][  0]LogAnalytics: [UEEditor.Rocket.Release] SetUserId 7a2e3fec4719bf4a83d8dea097d66990|7cf267475aab4bafb7b336aedadbdf03|8149adf9-8169-4970-bdb0-ce5ce0a1e92c
[2015.09.03-01.33.55:668][  0]LogAnalytics: [UEEditor.Rocket.Release] AnalyticsET::StartSession
[2015.09.03-01.33.55:684][  0]LogInit: Transaction tracking system initialized
[2015.09.03-01.33.55:709][  0]BlueprintLog: New page: Editor Load
[2015.09.03-01.33.55:780][  0]LocalizationService: Info Localization service is disabled
[2015.09.03-01.33.55:863][  0]LogConsoleResponse:Display: 
[2015.09.03-01.33.55:974][  0]LogCook:Display: Done creating registry. It took  0.00s.
[2015.09.03-01.33.56:025][  0]LogFileCache: Scanning file cache for directory 'C:/Users/jackson.luff/Documents/Unreal Projects/Curro_Prototype/Content/' took 0.01s
[2015.09.03-01.33.56:025][  0]SourceControl: Info Source control is disabled
[2015.09.03-01.33.56:025][  0]Cmd: MAP LOAD FILE="../../../Engine/Content/Maps/Templates/Template_Default.umap" TEMPLATE=1 SHOWPROGRESS=1 FEATURELEVEL=3
[2015.09.03-01.33.56:026][  0]LightingResults: New page: Lighting Build
[2015.09.03-01.33.56:029][  0]MapCheck: New page: Map Check
[2015.09.03-01.33.56:029][  0]LightingResults: New page: Lighting Build
[2015.09.03-01.33.56:039][  0]LogParticles: Destroying 0 GPU particle simulations for FXSystem 0x000000001FEAE160
[2015.09.03-01.33.56:381][  0]LogAIModule: Creating AISystem for world Untitled_1
[2015.09.03-01.33.56:388][  0]LogEditorServer: Finished looking for orphan Actors (0.000 secs)
[2015.09.03-01.33.56:394][  0]Cmd: MAP CHECKDEP NOCLEARLOG
[2015.09.03-01.33.56:433][  0]MapCheck: Info Map check complete: 0 Error(s), 0 Warning(s), took 38.764ms to complete.
[2015.09.03-01.33.56:433][  0]LogFileHelpers: Loading map 'Template_Default' took 0.407
[2015.09.03-01.33.56:541][  0]LogCollectionManager: Loaded 0 collections in 0.001766 seconds
[2015.09.03-01.33.56:564][  0]LogFileCache: Scanning file cache for directory 'C:/Users/jackson.luff/Documents/Unreal Projects/Curro_Prototype/Saved/Collections/' took 0.01s
[2015.09.03-01.33.56:564][  0]LogFileCache: Scanning file cache for directory 'C:/Users/jackson.luff/Documents/Unreal Projects/Curro_Prototype/Content/Developers/jacksonluff/Collections/' took 0.00s
[2015.09.03-01.33.56:564][  0]LogFileCache: Scanning file cache for directory 'C:/Users/jackson.luff/Documents/Unreal Projects/Curro_Prototype/Content/Collections/' took 0.00s
[2015.09.03-01.33.56:564][  0]LogContentBrowser: Native class hierarchy populated in 0.0119 seconds. Added 1867 classes and 333 folders.
[2015.09.03-01.33.56:571][  0]LogCollectionManager: Rebuilt the GUID cache for 0 collections in 0.000002 seconds
[2015.09.03-01.33.56:577][  0]LogContentBrowser: Native class hierarchy updated for 'WidgetCarousel' in 0.0003 seconds. Added 0 classes and 0 folders.
[2015.09.03-01.33.56:613][  0]LogContentBrowser: Native class hierarchy updated for 'AddContentDialog' in 0.0003 seconds. Added 0 classes and 0 folders.
[2015.09.03-01.33.56:616][  0]LogContentBrowser: Native class hierarchy updated for 'SceneOutliner' in 0.0003 seconds. Added 1 classes and 2 folders.
[2015.09.03-01.33.56:668][  0]LogCrashTracker: Crashtracker disabled due to settings.
[2015.09.03-01.33.56:677][  0]LogUObjectGlobals:Warning: Failed to find object 'Class None.'
[2015.09.03-01.33.56:698][  0]LogLoad: Full Startup: 6.09 seconds (BP compile: 0.06 seconds)
[2015.09.03-01.33.57:084][  0]LogContentStreaming: Texture pool size now 1000 MB
[2015.09.03-01.33.57:217][  0]LogRenderer: Reallocating scene render targets to support 1056x556 (Frame:2).
[2015.09.03-01.33.58:378][  4]LogAssetRegistry: Asset discovery search completed in 3.3916 seconds
[2015.09.03-01.33.58:378][  4]LogCollectionManager: Rebuilt the object cache for 0 collections in 0.000001 seconds (found 0 objects)
[2015.09.03-01.33.58:378][  4]LogCollectionManager: Fixed up redirectors for 0 collections in 0.000023 seconds (updated 0 objects)
[2015.09.03-01.34.44:125][142]LogAIModule: Creating AISystem for world Mother_Map
[2015.09.03-01.34.44:153][142]Cmd: MAP LOAD FILE="../../../../../../Documents/Unreal Projects/Curro_Prototype/Content/Mother_Map.umap" TEMPLATE=0 SHOWPROGRESS=1 FEATURELEVEL=3
[2015.09.03-01.34.44:153][142]LightingResults: New page: Lighting Build
[2015.09.03-01.34.44:169][142]LoadErrors: New page: Loading map: Mother_Map.umap
[2015.09.03-01.34.44:170][142]MapCheck: New page: Map Check
[2015.09.03-01.34.44:170][142]LightingResults: New page: Lighting Build
[2015.09.03-01.34.44:180][142]LogParticles: Destroying 0 GPU particle simulations for FXSystem 0x000000001068F7E0
[2015.09.03-01.34.44:227][142]LogEditorServer: Finished looking for orphan Actors (0.000 secs)
[2015.09.03-01.34.44:258][142]Cmd: MAP CHECKDEP NOCLEARLOG
[2015.09.03-01.34.44:303][142]MapCheck: Info Map check complete: 0 Error(s), 0 Warning(s), took 45.006ms to complete.
[2015.09.03-01.34.44:303][142]LogFileHelpers: Loading map 'Mother_Map' took 0.152
[2015.09.03-01.36.24:669][434]LogActorComponent: UnregisterComponent: (/Engine/Transient.CharMoveComp) Not registered. Aborting.
[2015.09.03-01.36.24:683][434]Cmd: MAP LOAD FILE="../../../../../../Documents/Unreal Projects/Curro_Prototype/Content/Mother_Map.umap" TEMPLATE=0 SHOWPROGRESS=1 FEATURELEVEL=3
[2015.09.03-01.36.24:683][434]LightingResults: New page: Lighting Build
[2015.09.03-01.36.24:699][434]LoadErrors: New page: Loading map: Mother_Map.umap
[2015.09.03-01.36.24:699][434]MapCheck: New page: Map Check
[2015.09.03-01.36.24:699][434]LightingResults: New page: Lighting Build
[2015.09.03-01.36.24:710][434]LogParticles: Destroying 0 GPU particle simulations for FXSystem 0x000000001C21DC60
[2015.09.03-01.36.24:734][434]LogAIModule: Creating AISystem for world Mother_Map
[2015.09.03-01.36.24:783][434]LogEditorServer: Finished looking for orphan Actors (0.000 secs)
[2015.09.03-01.36.24:815][434]Cmd: MAP CHECKDEP NOCLEARLOG
[2015.09.03-01.36.24:864][434]MapCheck: Info Map check complete: 0 Error(s), 0 Warning(s), took 49.018ms to complete.
[2015.09.03-01.36.24:865][434]LogFileHelpers: Loading map 'Mother_Map' took 0.183
[2015.09.03-01.42.06:720][645]LogActorComponent: UnregisterComponent: (/Engine/Transient.CharMoveComp) Not registered. Aborting.
[2015.09.03-01.42.06:738][645]Cmd: MAP LOAD FILE="../../../../../../Documents/Unreal Projects/Curro_Prototype/Content/Mother_Map.umap" TEMPLATE=0 SHOWPROGRESS=1 FEATURELEVEL=3
[2015.09.03-01.42.06:738][645]LightingResults: New page: Lighting Build
[2015.09.03-01.42.06:758][645]LoadErrors: New page: Loading map: Mother_Map.umap
[2015.09.03-01.42.06:759][645]MapCheck: New page: Map Check
[2015.09.03-01.42.06:759][645]LightingResults: New page: Lighting Build
[2015.09.03-01.42.06:768][645]LogParticles: Destroying 0 GPU particle simulations for FXSystem 0x0000000011A947C0
[2015.09.03-01.42.06:791][645]LogAIModule: Creating AISystem for world Mother_Map
[2015.09.03-01.42.06:835][645]LogEditorServer: Finished looking for orphan Actors (0.000 secs)
[2015.09.03-01.42.06:869][645]Cmd: MAP CHECKDEP NOCLEARLOG
[2015.09.03-01.42.06:915][645]MapCheck: Info Map check complete: 0 Error(s), 0 Warning(s), took 45.264ms to complete.
[2015.09.03-01.42.06:915][645]LogFileHelpers: Loading map 'Mother_Map' took 0.179
[2015.09.03-01.42.08:026][727]LogActorComponent: UnregisterComponent: (/Engine/Transient.CharMoveComp) Not registered. Aborting.
[2015.09.03-01.42.08:045][727]Cmd: MAP LOAD FILE="../../../../../../Documents/Unreal Projects/Curro_Prototype/Content/Mother_Map.umap" TEMPLATE=0 SHOWPROGRESS=1 FEATURELEVEL=3
[2015.09.03-01.42.08:045][727]LightingResults: New page: Lighting Build
[2015.09.03-01.42.08:060][727]LoadErrors: New page: Loading map: Mother_Map.umap
[2015.09.03-01.42.08:061][727]MapCheck: New page: Map Check
[2015.09.03-01.42.08:061][727]LightingResults: New page: Lighting Build
[2015.09.03-01.42.08:071][727]LogParticles: Destroying 0 GPU particle simulations for FXSystem 0x0000000011A94E00
[2015.09.03-01.42.08:093][727]LogAIModule: Creating AISystem for world Mother_Map
[2015.09.03-01.42.08:136][727]LogEditorServer: Finished looking for orphan Actors (0.000 secs)
[2015.09.03-01.42.08:175][727]Cmd: MAP CHECKDEP NOCLEARLOG
[2015.09.03-01.42.08:221][727]MapCheck: Info Map check complete: 0 Error(s), 0 Warning(s), took 45.89ms to complete.
[2015.09.03-01.42.08:222][727]LogFileHelpers: Loading map 'Mother_Map' took 0.177
[2015.09.03-01.42.12:322][945]LogAIModule: Creating AISystem for world Ga_Map
[2015.09.03-01.42.12:331][945]LogActorComponent: UnregisterComponent: (/Engine/Transient.CharMoveComp) Not registered. Aborting.
[2015.09.03-01.42.12:343][945]Cmd: MAP LOAD FILE="../../../../../../Documents/Unreal Projects/Curro_Prototype/Content/Maps/Artists/Gabby/Ga_Map.umap" TEMPLATE=0 SHOWPROGRESS=1 FEATURELEVEL=3
[2015.09.03-01.42.12:343][945]LightingResults: New page: Lighting Build
[2015.09.03-01.42.12:358][945]LoadErrors: New page: Loading map: Ga_Map.umap
[2015.09.03-01.42.12:359][945]MapCheck: New page: Map Check
[2015.09.03-01.42.12:359][945]LightingResults: New page: Lighting Build
[2015.09.03-01.42.12:371][945]LogParticles: Destroying 0 GPU particle simulations for FXSystem 0x000000001F9B96C0
[2015.09.03-01.42.12:417][945]LogEditorServer: Finished looking for orphan Actors (0.000 secs)
[2015.09.03-01.42.12:447][945]Cmd: MAP CHECKDEP NOCLEARLOG
[2015.09.03-01.42.12:491][945]MapCheck: Info Map check complete: 0 Error(s), 0 Warning(s), took 43.76ms to complete.
[2015.09.03-01.42.12:491][945]LogFileHelpers: Loading map 'Ga_Map' took 0.149
[2015.09.03-01.44.13:300][793]LogActorComponent: UnregisterComponent: (/Engine/Transient.CharMoveComp) Not registered. Aborting.
[2015.09.03-01.44.13:651][794]Cmd: QUIT_EDITOR
[2015.09.03-01.44.13:907][794]LogExit: Preparing to exit.
[2015.09.03-01.44.15:006][794]LogExit: Editor shut down
[2015.09.03-01.44.15:007][794]LogExit: Transaction tracking system shut down
[2015.09.03-01.44.15:007][794]LogParticles: Destroying 0 GPU particle simulations for FXSystem 0x000000001F9BB6A0
[2015.09.03-01.44.15:007][794]LogParticles: Destroying 0 GPU particle simulations for FXSystem 0x000000001D7F98A0
[2015.09.03-01.44.15:008][794]LogParticles: Destroying 0 GPU particle simulations for FXSystem 0x000000001F9BA980
[2015.09.03-01.44.15:135][794]LogParticles: Destroying 0 GPU particle simulations for FXSystem 0x000000001C21F420
[2015.09.03-01.44.15:135][794]LogExit: Object subsystem successfully closed.
[2015.09.03-01.44.15:146][794]LogD3D11RHI: Shutdown
[2015.09.03-01.44.15:146][794]LogD3D11RHI: CleanupD3DDevice
[2015.09.03-01.44.15:186][794]LogD3D11RHI: ~FD3D11DynamicRHI
[2015.09.03-01.44.15:205][794]LogModuleManager: Shutting down and abandoning module CrashTracker (197)
[2015.09.03-01.44.15:205][794]LogModuleManager: Shutting down and abandoning module SceneOutliner (196)
[2015.09.03-01.44.15:205][794]LogModuleManager: Shutting down and abandoning module SuperSearch (195)
[2015.09.03-01.44.15:205][794]LogModuleManager: Shutting down and abandoning module WidgetCarousel (194)
[2015.09.03-01.44.15:205][794]LogModuleManager: Shutting down and abandoning module AddContentDialog (193)
[2015.09.03-01.44.15:206][794]LogModuleManager: Shutting down and abandoning module EditorWidgets (192)
[2015.09.03-01.44.15:206][794]LogModuleManager: Shutting down and abandoning module CollectionManager (191)
[2015.09.03-01.44.15:206][794]LogModuleManager: Shutting down and abandoning module StatsViewer (190)
[2015.09.03-01.44.15:206][794]LogModuleManager: Shutting down and abandoning module FoliageEdit (189)
[2015.09.03-01.44.15:206][794]LogModuleManager: Shutting down and abandoning module LandscapeEditor (188)
[2015.09.03-01.44.15:206][794]LogModuleManager: Shutting down and abandoning module ActorPickerMode (187)
[2015.09.03-01.44.15:206][794]LogModuleManager: Shutting down and abandoning module GeometryMode (186)
[2015.09.03-01.44.15:206][794]LogModuleManager: Shutting down and abandoning module TextureAlignMode (185)
[2015.09.03-01.44.15:206][794]LogModuleManager: Shutting down and abandoning module BspMode (184)
[2015.09.03-01.44.15:206][794]LogModuleManager: Shutting down and abandoning module PlacementMode (183)
[2015.09.03-01.44.15:206][794]LogModuleManager: Shutting down and abandoning module AutomationWorker (182)
[2015.09.03-01.44.15:206][794]LogModuleManager: Shutting down and abandoning module CharacterAI (181)
[2015.09.03-01.44.15:206][794]LogModuleManager: Shutting down and abandoning module SmartSnapping (180)
[2015.09.03-01.44.15:206][794]LogModuleManager: Shutting down and abandoning module ViewportSnapping (179)
[2015.09.03-01.44.15:206][794]LogModuleManager: Shutting down and abandoning module LogVisualizer (178)
[2015.09.03-01.44.15:206][794]LogModuleManager: Shutting down and abandoning module GameProjectGeneration (177)
[2015.09.03-01.44.15:206][794]LogModuleManager: Shutting down and abandoning module IntroTutorials (176)
[2015.09.03-01.44.15:206][794]LogModuleManager: Shutting down and abandoning module EditorLiveStreaming (175)
[2015.09.03-01.44.15:207][794]LogModuleManager: Shutting down and abandoning module IOSPlatformEditor (174)
[2015.09.03-01.44.15:207][794]LogModuleManager: Shutting down and abandoning module HTML5PlatformEditor (173)
[2015.09.03-01.44.15:207][794]LogModuleManager: Shutting down and abandoning module AndroidDeviceDetection (172)
[2015.09.03-01.44.15:862][794]LogModuleManager: Shutting down and abandoning module AndroidPlatformEditor (171)
[2015.09.03-01.44.15:862][794]LogModuleManager: Shutting down and abandoning module IOSRuntimeSettings (170)
[2015.09.03-01.44.15:862][794]LogModuleManager: Shutting down and abandoning module AndroidRuntimeSettings (169)
[2015.09.03-01.44.15:862][794]LogModuleManager: Shutting down and abandoning module MergeActors (168)
[2015.09.03-01.44.15:862][794]LogModuleManager: Shutting down and abandoning module SizeMap (167)
[2015.09.03-01.44.15:862][794]LogModuleManager: Shutting down and abandoning module TreeMap (166)
[2015.09.03-01.44.15:862][794]LogModuleManager: Shutting down and abandoning module ReferenceViewer (165)
[2015.09.03-01.44.15:862][794]LogModuleManager: Shutting down and abandoning module LocalizationService (164)
[2015.09.03-01.44.15:862][794]LogModuleManager: Shutting down and abandoning module LocalizationDashboard (163)
[2015.09.03-01.44.15:862][794]LogModuleManager: Shutting down and abandoning module HardwareTargeting (162)
[2015.09.03-01.44.15:862][794]LogModuleManager: Shutting down and abandoning module DeviceProfileEditor (161)
[2015.09.03-01.44.15:862][794]LogModuleManager: Shutting down and abandoning module UndoHistory (160)
[2015.09.03-01.44.15:862][794]LogModuleManager: Shutting down and abandoning module GameplayTagsEditor (159)
[2015.09.03-01.44.15:862][794]LogModuleManager: Shutting down and abandoning module UserFeedback (158)
[2015.09.03-01.44.15:862][794]LogModuleManager: Shutting down and abandoning module XmlParser (157)
[2015.09.03-01.44.15:862][794]LogModuleManager: Shutting down and abandoning module Blutility (156)
[2015.09.03-01.44.15:862][794]LogModuleManager: Shutting down and abandoning module ProjectTargetPlatformEditor (155)
[2015.09.03-01.44.15:862][794]LogModuleManager: Shutting down and abandoning module ProjectSettingsViewer (154)
[2015.09.03-01.44.15:862][794]LogModuleManager: Shutting down and abandoning module InputBindingEditor (153)
[2015.09.03-01.44.15:862][794]LogModuleManager: Shutting down and abandoning module EditorSettingsViewer (152)
[2015.09.03-01.44.15:862][794]LogModuleManager: Shutting down and abandoning module SettingsEditor (151)
[2015.09.03-01.44.15:862][794]LogModuleManager: Shutting down and abandoning module ProjectLauncher (150)
[2015.09.03-01.44.15:862][794]LogModuleManager: Shutting down and abandoning module SessionFrontend (149)
[2015.09.03-01.44.15:862][794]LogModuleManager: Shutting down and abandoning module ProfilerClient (148)
[2015.09.03-01.44.15:862][794]LogModuleManager: Shutting down and abandoning module TargetDeviceServices (147)
[2015.09.03-01.44.15:862][794]LogModuleManager: Shutting down and abandoning module DeviceManager (146)
[2015.09.03-01.44.15:862][794]LogModuleManager: Shutting down and abandoning module AutomationController (145)
[2015.09.03-01.44.15:862][794]LogModuleManager: Shutting down and abandoning module AutomationWindow (144)
[2015.09.03-01.44.15:862][794]LogModuleManager: Shutting down and abandoning module Layers (143)
[2015.09.03-01.44.15:863][794]LogModuleManager: Shutting down and abandoning module ComponentVisualizers (142)
[2015.09.03-01.44.15:863][794]LogModuleManager: Shutting down and abandoning module DetailCustomizations (141)
[2015.09.03-01.44.15:863][794]LogModuleManager: Shutting down and abandoning module PackagesDialog (140)
[2015.09.03-01.44.15:863][794]LogModuleManager: Shutting down and abandoning module Persona (139)
[2015.09.03-01.44.15:863][794]LogModuleManager: Shutting down and abandoning module Kismet (138)
[2015.09.03-01.44.15:863][794]LogModuleManager: Shutting down and abandoning module GraphEditor (137)
[2015.09.03-01.44.15:863][794]LogModuleManager: Shutting down and abandoning module ClassViewer (136)
[2015.09.03-01.44.15:863][794]LogModuleManager: Shutting down and abandoning module Toolbox (135)
[2015.09.03-01.44.15:863][794]LogModuleManager: Shutting down and abandoning module ModuleUI (134)
[2015.09.03-01.44.15:863][794]LogModuleManager: Shutting down and abandoning module MovieSceneTools (133)
[2015.09.03-01.44.15:863][794]LogModuleManager: Shutting down and abandoning module OutputLog (132)
[2015.09.03-01.44.15:863][794]LogModuleManager: Shutting down and abandoning module GammaUI (131)
[2015.09.03-01.44.15:863][794]LogModuleManager: Shutting down and abandoning module Documentation (130)
[2015.09.03-01.44.15:863][794]LogModuleManager: Shutting down and abandoning module GameLiveStreaming (129)
[2015.09.03-01.44.15:863][794]LogModuleManager: Shutting down and abandoning module StreamingPauseRendering (128)
[2015.09.03-01.44.15:863][794]LogModuleManager: Shutting down and abandoning module AnalyticsET (127)
[2015.09.03-01.44.15:863][794]LogModuleManager: Shutting down and abandoning module Analytics (126)
[2015.09.03-01.44.15:863][794]LogModuleManager: Shutting down and abandoning module AITestSuite (125)
[2015.09.03-01.44.15:863][794]LogModuleManager: Shutting down and abandoning module GameplayDebugger (124)
[2015.09.03-01.44.15:863][794]LogModuleManager: Shutting down and abandoning module AIModule (123)
[2015.09.03-01.44.15:863][794]LogModuleManager: Shutting down and abandoning module ProfilerService (122)
[2015.09.03-01.44.15:955][794]LogModuleManager: Shutting down and abandoning module TaskGraph (121)
[2015.09.03-01.44.15:955][794]LogModuleManager: Shutting down and abandoning module SlateRemote (120)
[2015.09.03-01.44.15:955][794]LogModuleManager: Shutting down and abandoning module SteamVRController (119)
[2015.09.03-01.44.15:955][794]LogModuleManager: Shutting down and abandoning module SteamVR (118)
[2015.09.03-01.44.15:955][794]LogModuleManager: Shutting down and abandoning module ProceduralMeshComponent (117)
[2015.09.03-01.44.15:955][794]LogModuleManager: Shutting down and abandoning module OculusRift (116)
[2015.09.03-01.44.15:955][794]LogModuleManager: Shutting down and abandoning module OculusLibrary (115)
[2015.09.03-01.44.15:955][794]LogModuleManager: Shutting down and abandoning module LeapMotionController (114)
[2015.09.03-01.44.15:963][794]LogModuleManager: Shutting down and abandoning module CustomMeshComponent (113)
[2015.09.03-01.44.15:963][794]LogModuleManager: Shutting down and abandoning module CableComponent (112)
[2015.09.03-01.44.15:963][794]LogModuleManager: Shutting down and abandoning module ArchVisCharacter (111)
[2015.09.03-01.44.15:963][794]LogModuleManager: Shutting down and abandoning module MessagingDebugger (110)
[2015.09.03-01.44.15:963][794]LogModuleManager: Shutting down and abandoning module MediaPlayerEditor (109)
[2015.09.03-01.44.15:963][794]LogModuleManager: Shutting down and abandoning module HTML5Networking (108)
[2015.09.03-01.44.15:963][794]LogModuleManager: Shutting down and abandoning module SpeedTreeImporter (107)
[2015.09.03-01.44.15:963][794]LogModuleManager: Shutting down and abandoning module PluginBrowser (106)
[2015.09.03-01.44.15:963][794]LogModuleManager: Shutting down and abandoning module EpicSurvey (105)
[2015.09.03-01.44.15:963][794]LogModuleManager: Shutting down and abandoning module DesktopPlatform (104)
[2015.09.03-01.44.15:963][794]LogModuleManager: Shutting down and abandoning module VisualStudioSourceCodeAccess (103)
[2015.09.03-01.44.15:963][794]LogModuleManager: Shutting down and abandoning module UObjectPlugin (102)
[2015.09.03-01.44.15:963][794]LogModuleManager: Shutting down and abandoning module SubversionSourceControl (101)
[2015.09.03-01.44.15:963][794]LogModuleManager: Shutting down and abandoning module PerforceSourceControl (100)
[2015.09.03-01.44.15:963][794]LogModuleManager: Shutting down and abandoning module SourceControl (99)
[2015.09.03-01.44.15:963][794]LogModuleManager: Shutting down and abandoning module GitSourceControl (98)
[2015.09.03-01.44.15:963][794]LogModuleManager: Shutting down and abandoning module LightPropagationVolumeEditor (97)
[2015.09.03-01.44.15:963][794]LogModuleManager: Shutting down and abandoning module PaperTiledImporter (96)
[2015.09.03-01.44.15:963][794]LogModuleManager: Shutting down and abandoning module PaperSpriteSheetImporter (95)
[2015.09.03-01.44.15:963][794]LogModuleManager: Shutting down and abandoning module MeshPaint (94)
[2015.09.03-01.44.15:963][794]LogModuleManager: Shutting down and abandoning module SlateReflector (93)
[2015.09.03-01.44.15:963][794]LogModuleManager: Shutting down and abandoning module HotReload (92)
[2015.09.03-01.44.15:963][794]LogModuleManager: Shutting down and abandoning module MainFrame (91)
[2015.09.03-01.44.15:963][794]LogModuleManager: Shutting down and abandoning module LevelEditor (90)
[2015.09.03-01.44.15:964][794]LogModuleManager: Shutting down and abandoning module DirectoryWatcher (89)
[2015.09.03-01.44.15:965][794]LogModuleManager: Shutting down and abandoning module AssetRegistry (88)
[2015.09.03-01.44.16:091][794]LogModuleManager: Shutting down and abandoning module ContentBrowser (87)
[2015.09.03-01.44.16:091][794]LogModuleManager: Shutting down and abandoning module Paper2DEditor (86)
[2015.09.03-01.44.16:091][794]LogModuleManager: Shutting down and abandoning module UdpMessaging (85)
[2015.09.03-01.44.16:191][794]LogModuleManager: Shutting down and abandoning module LightPropagationVolumeRuntime (84)
[2015.09.03-01.44.16:191][794]LogModuleManager: Shutting down and abandoning module Paper2D (83)
[2015.09.03-01.44.16:191][794]LogModuleManager: Shutting down and abandoning module WindowsMoviePlayer (82)
[2015.09.03-01.44.16:193][794]LogModuleManager: Shutting down and abandoning module Media (81)
[2015.09.03-01.44.16:193][794]LogModuleManager: Shutting down and abandoning module WmfMedia (80)
[2015.09.03-01.44.16:194][794]LogModuleManager: Shutting down and abandoning module OnlineBlueprintSupport (79)
[2015.09.03-01.44.16:194][794]LogModuleManager: Shutting down and abandoning module GameplayTasksEditor (78)
[2015.09.03-01.44.16:194][794]LogModuleManager: Shutting down and abandoning module PropertyEditor (77)
[2015.09.03-01.44.16:194][794]LogModuleManager: Shutting down and abandoning module BehaviorTreeEditor (76)
[2015.09.03-01.44.16:194][794]LogModuleManager: Shutting down and abandoning module FunctionalTesting (75)
[2015.09.03-01.44.16:194][794]LogModuleManager: Shutting down and abandoning module CollisionAnalyzer (74)
[2015.09.03-01.44.16:194][794]LogModuleManager: Shutting down and abandoning module WorkspaceMenuStructure (73)
[2015.09.03-01.44.16:194][794]LogModuleManager: Shutting down and abandoning module MessageLog (72)
[2015.09.03-01.44.16:194][794]LogModuleManager: Shutting down and abandoning module Sequencer (71)
[2015.09.03-01.44.16:194][794]LogModuleManager: Shutting down and abandoning module AssetTools (70)
[2015.09.03-01.44.16:194][794]LogModuleManager: Shutting down and abandoning module UMGEditor (69)
[2015.09.03-01.44.16:194][794]LogModuleManager: Shutting down and abandoning module UMG (68)
[2015.09.03-01.44.16:194][794]LogModuleManager: Shutting down and abandoning module Slate (67)
[2015.09.03-01.44.16:194][794]LogModuleManager: Shutting down and abandoning module EditorStyle (66)
[2015.09.03-01.44.16:196][794]LogModuleManager: Shutting down and abandoning module SessionServices (65)
[2015.09.03-01.44.16:196][794]LogModuleManager: Shutting down and abandoning module SourceCodeAccess (64)
[2015.09.03-01.44.16:196][794]LogModuleManager: Shutting down and abandoning module HeadMountedDisplay (63)
[2015.09.03-01.44.16:196][794]LogModuleManager: Shutting down and abandoning module XAudio2 (62)
[2015.09.03-01.44.16:196][794]LogModuleManager: Shutting down and abandoning module Networking (60)
[2015.09.03-01.44.16:196][794]LogModuleManager: Shutting down and abandoning module Core (59)
[2015.09.03-01.44.16:196][794]LogModuleManager: Shutting down and abandoning module KismetCompiler (58)
[2015.09.03-01.44.16:196][794]LogModuleManager: Shutting down and abandoning module PhysXFormats (57)
[2015.09.03-01.44.16:196][794]LogModuleManager: Shutting down and abandoning module MeshUtilities (56)
[2015.09.03-01.44.16:196][794]LogModuleManager: Shutting down and abandoning module CookingStats (55)
[2015.09.03-01.44.16:196][794]LogModuleManager: Shutting down and abandoning module DerivedDataCache (54)
[2015.09.03-01.44.16:202][794]LogDerivedDataCache: Shutdown
[2015.09.03-01.44.16:202][794]LogModuleManager: Shutting down and abandoning module ShaderFormatOpenGL (53)
[2015.09.03-01.44.16:202][794]LogModuleManager: Shutting down and abandoning module ShaderFormatD3D (52)
[2015.09.03-01.44.16:202][794]LogModuleManager: Shutting down and abandoning module MetalShaderFormat (51)
[2015.09.03-01.44.16:202][794]LogModuleManager: Shutting down and abandoning module TextureFormatUncompressed (50)
[2015.09.03-01.44.16:202][794]LogModuleManager: Shutting down and abandoning module TextureFormatPVR (49)
[2015.09.03-01.44.16:202][794]LogModuleManager: Shutting down and abandoning module TextureFormatIntelISPCTexComp (48)
[2015.09.03-01.44.16:202][794]LogModuleManager: Shutting down and abandoning module TextureFormatDXT (47)
[2015.09.03-01.44.16:202][794]LogModuleManager: Shutting down and abandoning module ImageWrapper (46)
[2015.09.03-01.44.16:202][794]LogModuleManager: Shutting down and abandoning module TextureFormatASTC (45)
[2015.09.03-01.44.16:202][794]LogModuleManager: Shutting down and abandoning module TextureFormatAndroid (44)
[2015.09.03-01.44.16:202][794]LogModuleManager: Shutting down and abandoning module AudioFormatOpus (43)
[2015.09.03-01.44.16:202][794]LogModuleManager: Shutting down and abandoning module AudioFormatOgg (42)
[2015.09.03-01.44.16:202][794]LogModuleManager: Shutting down and abandoning module AudioFormatADPCM (41)
[2015.09.03-01.44.16:202][794]LogModuleManager: Shutting down and abandoning module LinuxTargetPlatform (40)
[2015.09.03-01.44.16:202][794]LogModuleManager: Shutting down and abandoning module LinuxServerTargetPlatform (39)
[2015.09.03-01.44.16:202][794]LogModuleManager: Shutting down and abandoning module LinuxNoEditorTargetPlatform (38)
[2015.09.03-01.44.16:202][794]LogModuleManager: Shutting down and abandoning module Messaging (37)
[2015.09.03-01.44.16:202][794]LogModuleManager: Shutting down and abandoning module IOSTargetPlatform (36)
[2015.09.03-01.44.16:202][794]LogModuleManager: Shutting down and abandoning module HTML5TargetPlatform (35)
[2015.09.03-01.44.16:202][794]LogModuleManager: Shutting down and abandoning module Android_PVRTCTargetPlatform (34)
[2015.09.03-01.44.16:202][794]LogModuleManager: Shutting down and abandoning module Android_ETC2TargetPlatform (33)
[2015.09.03-01.44.16:202][794]LogModuleManager: Shutting down and abandoning module Android_ETC1TargetPlatform (32)
[2015.09.03-01.44.16:202][794]LogModuleManager: Shutting down and abandoning module Android_DXTTargetPlatform (31)
[2015.09.03-01.44.16:202][794]LogModuleManager: Shutting down and abandoning module Android_ATCTargetPlatform (30)
[2015.09.03-01.44.16:202][794]LogModuleManager: Shutting down and abandoning module Android_ASTCTargetPlatform (29)
[2015.09.03-01.44.16:202][794]LogModuleManager: Shutting down and abandoning module AndroidTargetPlatform (28)
[2015.09.03-01.44.16:202][794]LogModuleManager: Shutting down and abandoning module WindowsTargetPlatform (27)
[2015.09.03-01.44.16:202][794]LogModuleManager: Shutting down and abandoning module WindowsServerTargetPlatform (26)
[2015.09.03-01.44.16:202][794]LogModuleManager: Shutting down and abandoning module WindowsNoEditorTargetPlatform (25)
[2015.09.03-01.44.16:202][794]LogModuleManager: Shutting down and abandoning module WindowsClientTargetPlatform (24)
[2015.09.03-01.44.16:202][794]LogModuleManager: Shutting down and abandoning module AllDesktopTargetPlatform (23)
[2015.09.03-01.44.16:202][794]LogModuleManager: Shutting down and abandoning module TargetPlatform (22)
[2015.09.03-01.44.16:202][794]LogModuleManager: Shutting down and abandoning module InputCore (21)
[2015.09.03-01.44.16:202][794]LogModuleManager: Shutting down and abandoning module Settings (20)
[2015.09.03-01.44.16:202][794]LogModuleManager: Shutting down and abandoning module OnlineSubsystem (18)
[2015.09.03-01.44.16:202][794]LogModuleManager: Shutting down and abandoning module HTTP (17)
[2015.09.03-01.44.18:202][794]LogModuleManager: Shutting down and abandoning module XMPP (16)
[2015.09.03-01.44.18:202][794]LogModuleManager: Shutting down and abandoning module ExampleDeviceProfileSelector (15)
[2015.09.03-01.44.18:202][794]LogModuleManager: Shutting down and abandoning module TextureCompressor (14)
[2015.09.03-01.44.18:202][794]LogModuleManager: Shutting down and abandoning module ShaderCore (13)
[2015.09.03-01.44.18:202][794]LogModuleManager: Shutting down and abandoning module Landscape (12)
[2015.09.03-01.44.18:202][794]LogModuleManager: Shutting down and abandoning module SlateRHIRenderer (11)
[2015.09.03-01.44.18:203][794]LogModuleManager: Shutting down and abandoning module OpenGLDrv (10)
[2015.09.03-01.44.18:203][794]LogModuleManager: Shutting down and abandoning module D3D11RHI (9)
[2015.09.03-01.44.18:203][794]LogModuleManager: Shutting down and abandoning module AnimGraphRuntime (8)
[2015.09.03-01.44.18:203][794]LogModuleManager: Shutting down and abandoning module Renderer (7)
[2015.09.03-01.44.18:203][794]LogModuleManager: Shutting down and abandoning module Engine (6)
[2015.09.03-01.44.18:203][794]LogModuleManager: Shutting down and abandoning module CoreUObject (5)
[2015.09.03-01.44.18:203][794]LogModuleManager: Shutting down and abandoning module NetworkFile (4)
[2015.09.03-01.44.18:203][794]LogModuleManager: Shutting down and abandoning module StreamingFile (3)
[2015.09.03-01.44.18:203][794]LogModuleManager: Shutting down and abandoning module SandboxFile (2)
[2015.09.03-01.44.18:203][794]LogModuleManager: Shutting down and abandoning module PakFile (1)
[2015.09.03-01.44.18:204][794]LogExit: Exiting.
[2015.09.03-01.44.18:218][794]Log file closed, 09/03/15 11:44:18
